[0.008s] Invoking command in '/home/fourfold/dev/inmind_final_project_test/workspace/build/main': AMENT_PREFIX_PATH=/home/fourfold/dev/inmind_final_project_test/workspace/install/detection_interfaces:${AMENT_PREFIX_PATH} CMAKE_PREFIX_PATH=/home/fourfold/dev/inmind_final_project_test/workspace/install/yellow_ball_finder:/home/fourfold/dev/inmind_final_project_test/workspace/install/detection_interfaces:/home/fourfold/dev/inmind_final_project_test/workspace/install/basic_navigation:/home/fourfold/dev/inmind_final_project_test/workspace/install/main:/opt/ros/humble LD_LIBRARY_PATH=/home/fourfold/dev/inmind_final_project_test/workspace/install/detection_interfaces/lib:${LD_LIBRARY_PATH} PYTHONPATH=/home/fourfold/dev/inmind_final_project_test/workspace/install/detection_interfaces/local/lib/python3.10/dist-packages:${PYTHONPATH} /usr/bin/cmake --build /home/fourfold/dev/inmind_final_project_test/workspace/build/main -- -j16 -l16
[0.039s] [35m[1mConsolidate compiler generated dependencies of target main_node[0m
[0.047s] [ 50%] Built target test_node
[0.050s] [ 75%] [32mBuilding CXX object CMakeFiles/main_node.dir/src/main.cpp.o[0m
[1.944s] In file included from [01m[K/home/fourfold/dev/inmind_final_project_test/workspace/src/main/main/src/main.cpp:4[m[K:
[1.944s] [01m[K/home/fourfold/dev/inmind_final_project_test/workspace/install/yellow_ball_finder/include/yellow_ball_finder/find_yellow_ball.h:14:30:[m[K [01;31m[Kerror: [m[Kâ€˜[01m[Krclcpp_action[m[Kâ€™ does not name a type
[1.944s]    14 | using GoalHandleFindYellow = [01;31m[Krclcpp_action[m[K::ServerGoalHandle<FindYellow>;
[1.944s]       |                              [01;31m[K^~~~~~~~~~~~~[m[K
[1.947s] [01m[K/home/fourfold/dev/inmind_final_project_test/workspace/install/yellow_ball_finder/include/yellow_ball_finder/find_yellow_ball.h:55:39:[m[K [01;31m[Kerror: [m[Kâ€˜[01m[KGoalHandleFindYellow[m[Kâ€™ does not name a type
[1.947s]    55 |     void goal_response_callback(const [01;31m[KGoalHandleFindYellow[m[K::SharedPtr & goal_handle) {
[1.947s]       |                                       [01;31m[K^~~~~~~~~~~~~~~~~~~~[m[K
[1.947s] [01m[K/home/fourfold/dev/inmind_final_project_test/workspace/install/yellow_ball_finder/include/yellow_ball_finder/find_yellow_ball.h:55:71:[m[K [01;31m[Kerror: [m[Kexpected unqualified-id before â€˜[01m[K&[m[Kâ€™ token
[1.947s]    55 | oal_response_callback(const GoalHandleFindYellow::SharedPtr [01;31m[K&[m[K goal_handle) {
[1.947s]       |                                                             [01;31m[K^[m[K
[1.947s] 
[1.947s] [01m[K/home/fourfold/dev/inmind_final_project_test/workspace/install/yellow_ball_finder/include/yellow_ball_finder/find_yellow_ball.h:55:70:[m[K [01;31m[Kerror: [m[Kexpected â€˜[01m[K)[m[Kâ€™ before â€˜[01m[K&[m[Kâ€™ token
[1.947s]    55 | goal_response_callback[34m[K([m[Kconst GoalHandleFindYellow::SharedPtr[01;31m[K [m[K[32m[K&[m[K goal_handle) {
[1.948s]       |                       [34m[K~[m[K                                     [01;31m[K^[m[K[32m[K~[m[K
[1.948s]       |                                                             [32m[K)[m[K
[1.948s] [01m[K/home/fourfold/dev/inmind_final_project_test/workspace/install/yellow_ball_finder/include/yellow_ball_finder/find_yellow_ball.h:55:71:[m[K [01;31m[Kerror: [m[Kexpected â€˜[01m[K;[m[Kâ€™ at end of member declaration
[1.948s]    55 | oal_response_callback(const GoalHandleFindYellow::SharedPtr [01;31m[K&[m[K goal_handle) {
[1.948s]       |                                                             [01;31m[K^[m[K
[1.948s]       |                                                              [32m[K;[m[K
[1.949s] [01m[K/home/fourfold/dev/inmind_final_project_test/workspace/install/yellow_ball_finder/include/yellow_ball_finder/find_yellow_ball.h:55:73:[m[K [01;31m[Kerror: [m[Kâ€˜[01m[Kgoal_handle[m[Kâ€™ does not name a type
[1.949s]    55 | l_response_callback(const GoalHandleFindYellow::SharedPtr & [01;31m[Kgoal_handle[m[K) {
[1.949s]       |                                                             [01;31m[K^~~~~~~~~~~[m[K
[1.949s] 
[1.949s] In file included from [01m[K/home/fourfold/dev/inmind_final_project_test/workspace/src/main/main/src/main.cpp:4[m[K:
[1.949s] [01m[K/home/fourfold/dev/inmind_final_project_test/workspace/install/yellow_ball_finder/include/yellow_ball_finder/find_yellow_ball.h:64:9:[m[K [01;31m[Kerror: [m[Kâ€˜[01m[KGoalHandleFindYellow[m[Kâ€™ has not been declared
[1.949s]    64 |         [01;31m[KGoalHandleFindYellow[m[K::SharedPtr,
[1.949s]       |         [01;31m[K^~~~~~~~~~~~~~~~~~~~[m[K
[1.949s] [01m[K/home/fourfold/dev/inmind_final_project_test/workspace/install/yellow_ball_finder/include/yellow_ball_finder/find_yellow_ball.h:65:51:[m[K [01;31m[Kerror: [m[KISO C++ forbids declaration of â€˜[01m[Ktype name[m[Kâ€™ with no type [[01;31m[K]8;;https://gcc.gnu.org/onlinedocs/gcc/Warning-Options.html#index-fpermissive-fpermissive]8;;[m[K]
[1.949s]    65 |         const std::shared_ptr<const MeasureLapTime[01;31m[K::[m[KFeedback> feedback
[1.949s]       |                                                   [01;31m[K^~[m[K
[1.949s] [01m[K/home/fourfold/dev/inmind_final_project_test/workspace/install/yellow_ball_finder/include/yellow_ball_finder/find_yellow_ball.h:65:61:[m[K [01;31m[Kerror: [m[Ktemplate argument 1 is invalid
[1.949s]    65 |         const std::shared_ptr<const MeasureLapTime::Feedback[01;31m[K>[m[K feedback
[1.949s]       |                                                             [01;31m[K^[m[K
[1.949s] [01m[K/home/fourfold/dev/inmind_final_project_test/workspace/install/yellow_ball_finder/include/yellow_ball_finder/find_yellow_ball.h:65:51:[m[K [01;31m[Kerror: [m[KISO C++ forbids declaration of â€˜[01m[Ktype name[m[Kâ€™ with no type [[01;31m[K]8;;https://gcc.gnu.org/onlinedocs/gcc/Warning-Options.html#index-fpermissive-fpermissive]8;;[m[K]
[1.949s]    65 |         const std::shared_ptr<const MeasureLapTime[01;31m[K::[m[KFeedback> feedback
[1.949s]       |                                                   [01;31m[K^~[m[K
[1.949s] [01m[K/home/fourfold/dev/inmind_final_project_test/workspace/install/yellow_ball_finder/include/yellow_ball_finder/find_yellow_ball.h:65:61:[m[K [01;31m[Kerror: [m[Ktemplate argument 1 is invalid
[1.949s]    65 |         const std::shared_ptr<const MeasureLapTime::Feedback[01;31m[K>[m[K feedback
[1.949s]       |                                                             [01;31m[K^[m[K
[1.949s] [01m[K/home/fourfold/dev/inmind_final_project_test/workspace/install/yellow_ball_finder/include/yellow_ball_finder/find_yellow_ball.h:65:51:[m[K [01;31m[Kerror: [m[KISO C++ forbids declaration of â€˜[01m[Ktype name[m[Kâ€™ with no type [[01;31m[K]8;;https://gcc.gnu.org/onlinedocs/gcc/Warning-Options.html#index-fpermissive-fpermissive]8;;[m[K]
[1.949s]    65 |         const std::shared_ptr<const MeasureLapTime[01;31m[K::[m[KFeedback> feedback
[1.949s]       |                                                   [01;31m[K^~[m[K
[1.949s] [01m[K/home/fourfold/dev/inmind_final_project_test/workspace/install/yellow_ball_finder/include/yellow_ball_finder/find_yellow_ball.h:65:61:[m[K [01;31m[Kerror: [m[Ktemplate argument 1 is invalid
[1.949s]    65 |         const std::shared_ptr<const MeasureLapTime::Feedback[01;31m[K>[m[K feedback
[1.949s]       |                                                             [01;31m[K^[m[K
[1.949s] [01m[K/home/fourfold/dev/inmind_final_project_test/workspace/install/yellow_ball_finder/include/yellow_ball_finder/find_yellow_ball.h:65:15:[m[K [01;31m[Kerror: [m[Kinvalid template-id
[1.949s]    65 |         const [01;31m[Kstd[m[K::shared_ptr<const MeasureLapTime::Feedback> feedback
[1.949s]       |               [01;31m[K^~~[m[K
[1.949s] [01m[K/home/fourfold/dev/inmind_final_project_test/workspace/install/yellow_ball_finder/include/yellow_ball_finder/find_yellow_ball.h:65:51:[m[K [01;31m[Kerror: [m[KISO C++ forbids declaration of â€˜[01m[Ktype name[m[Kâ€™ with no type [[01;31m[K]8;;https://gcc.gnu.org/onlinedocs/gcc/Warning-Options.html#index-fpermissive-fpermissive]8;;[m[K]
[1.949s]    65 |         const std::shared_ptr<const MeasureLapTime[01;31m[K::[m[KFeedback> feedback
[1.949s]       |                                                   [01;31m[K^~[m[K
[1.950s] [01m[K/home/fourfold/dev/inmind_final_project_test/workspace/install/yellow_ball_finder/include/yellow_ball_finder/find_yellow_ball.h:65:31:[m[K [01;31m[Kerror: [m[Kexpected primary-expression before â€˜[01m[Kconst[m[Kâ€™
[1.950s]    65 |         const std::shared_ptr<[01;31m[Kconst[m[K MeasureLapTime::Feedback> feedback
[1.950s]       |                               [01;31m[K^~~~~[m[K
[1.950s] [01m[K/home/fourfold/dev/inmind_final_project_test/workspace/install/yellow_ball_finder/include/yellow_ball_finder/find_yellow_ball.h:65:31:[m[K [01;31m[Kerror: [m[Kexpected â€˜[01m[K>[m[Kâ€™ before â€˜[01m[Kconst[m[Kâ€™
[1.950s] [01m[K/home/fourfold/dev/inmind_final_project_test/workspace/install/yellow_ball_finder/include/yellow_ball_finder/find_yellow_ball.h:65:9:[m[K [01;31m[Kerror: [m[Kclass template placeholder â€˜[01m[Kstd::shared_ptr[m[Kâ€™ not permitted in this context
[1.950s]    65 |         [01;31m[Kconst[m[K std::shared_ptr<const MeasureLapTime::Feedback> feedback
[1.950s]       |         [01;31m[K^~~~~[m[K
[1.952s] [01m[K/home/fourfold/dev/inmind_final_project_test/workspace/install/yellow_ball_finder/include/yellow_ball_finder/find_yellow_ball.h:68:32:[m[K [01;31m[Kerror: [m[Kâ€˜[01m[KGoalHandleFindYellow[m[Kâ€™ does not name a type
[1.952s]    68 |     void result_callback(const [01;31m[KGoalHandleFindYellow[m[K::WrappedResult & result) {
[1.952s]       |                                [01;31m[K^~~~~~~~~~~~~~~~~~~~[m[K
[1.952s] [01m[K/home/fourfold/dev/inmind_final_project_test/workspace/install/yellow_ball_finder/include/yellow_ball_finder/find_yellow_ball.h:68:68:[m[K [01;31m[Kerror: [m[Kexpected unqualified-id before â€˜[01m[K&[m[Kâ€™ token
[1.952s]    68 | d result_callback(const GoalHandleFindYellow::WrappedResult [01;31m[K&[m[K result) {
[1.952s]       |                                                             [01;31m[K^[m[K
[1.952s] 
[1.952s] [01m[K/home/fourfold/dev/inmind_final_project_test/workspace/install/yellow_ball_finder/include/yellow_ball_finder/find_yellow_ball.h:68:67:[m[K [01;31m[Kerror: [m[Kexpected â€˜[01m[K)[m[Kâ€™ before â€˜[01m[K&[m[Kâ€™ token
[1.952s]    68 | id result_callback[34m[K([m[Kconst GoalHandleFindYellow::WrappedResult[01;31m[K [m[K[32m[K&[m[K result) {
[1.952s]       |                   [34m[K~[m[K                                         [01;31m[K^[m[K[32m[K~[m[K
[1.952s]       |                                                             [32m[K)[m[K
[1.952s] [01m[K/home/fourfold/dev/inmind_final_project_test/workspace/install/yellow_ball_finder/include/yellow_ball_finder/find_yellow_ball.h:68:68:[m[K [01;31m[Kerror: [m[Kexpected â€˜[01m[K;[m[Kâ€™ at end of member declaration
[1.952s]    68 | d result_callback(const GoalHandleFindYellow::WrappedResult [01;31m[K&[m[K result) {
[1.952s]       |                                                             [01;31m[K^[m[K
[1.952s]       |                                                              [32m[K;[m[K
[1.953s] [01m[K/home/fourfold/dev/inmind_final_project_test/workspace/install/yellow_ball_finder/include/yellow_ball_finder/find_yellow_ball.h:68:70:[m[K [01;31m[Kerror: [m[Kâ€˜[01m[Kresult[m[Kâ€™ does not name a type
[1.953s]    68 | d result_callback(const GoalHandleFindYellow::WrappedResult & [01;31m[Kresult[m[K) {
[1.953s]       |                                                               [01;31m[K^~~~~~[m[K
[1.953s] 
[1.955s] [01m[K/home/fourfold/dev/inmind_final_project_test/workspace/install/yellow_ball_finder/include/yellow_ball_finder/find_yellow_ball.h:85:5:[m[K [01;31m[Kerror: [m[Kâ€˜[01m[Krclcpp_action[m[Kâ€™ does not name a type
[1.955s]    85 |     [01;31m[Krclcpp_action[m[K::Client<MeasureLapTime>::SharedPtr action_client;
[1.955s]       |     [01;31m[K^~~~~~~~~~~~~[m[K
[1.956s] In file included from [01m[K/home/fourfold/dev/inmind_final_project_test/workspace/src/main/main/src/main.cpp:4[m[K:
[1.956s] [01m[K/home/fourfold/dev/inmind_final_project_test/workspace/install/yellow_ball_finder/include/yellow_ball_finder/find_yellow_ball.h:[m[K In constructor â€˜[01m[KFindYellowBall::FindYellowBall(const string&)[m[Kâ€™:
[1.956s] [01m[K/home/fourfold/dev/inmind_final_project_test/workspace/install/yellow_ball_finder/include/yellow_ball_finder/find_yellow_ball.h:20:15:[m[K [01;31m[Kerror: [m[Kâ€˜[01m[Kclass FindYellowBall[m[Kâ€™ has no member named â€˜[01m[Kaction_client[m[Kâ€™
[1.956s]    20 |         this->[01;31m[Kaction_client[m[K = rclcpp_action::create_client<FindYellow>(
[1.956s]       |               [01;31m[K^~~~~~~~~~~~~[m[K
[1.956s] [01m[K/home/fourfold/dev/inmind_final_project_test/workspace/install/yellow_ball_finder/include/yellow_ball_finder/find_yellow_ball.h:20:31:[m[K [01;31m[Kerror: [m[Kâ€˜[01m[Krclcpp_action[m[Kâ€™ has not been declared
[1.956s]    20 |         this->action_client = [01;31m[Krclcpp_action[m[K::create_client<FindYellow>(
[1.956s]       |                               [01;31m[K^~~~~~~~~~~~~[m[K
[1.956s] [01m[K/home/fourfold/dev/inmind_final_project_test/workspace/install/yellow_ball_finder/include/yellow_ball_finder/find_yellow_ball.h:20:70:[m[K [01;31m[Kerror: [m[Kexpected primary-expression before â€˜[01m[K>[m[Kâ€™ token
[1.956s]    20 |         this->action_client = rclcpp_action::create_client<FindYellow[01;31m[K>[m[K(
[1.956s]       |                                                                      [01;31m[K^[m[K
[1.956s] [01m[K/home/fourfold/dev/inmind_final_project_test/workspace/install/yellow_ball_finder/include/yellow_ball_finder/find_yellow_ball.h:21:13:[m[K [01;35m[Kwarning: [m[Kleft operand of comma operator has no effect [[01;35m[K]8;;https://gcc.gnu.org/onlinedocs/gcc/Warning-Options.html#index-Wunused-value-Wunused-value]8;;[m[K]
[1.956s]    21 |             [01;35m[Kthis[m[K,
[1.956s]       |             [01;35m[K^~~~[m[K
[1.956s] [01m[K/home/fourfold/dev/inmind_final_project_test/workspace/install/yellow_ball_finder/include/yellow_ball_finder/find_yellow_ball.h:26:34:[m[K [01;31m[Kerror: [m[Kâ€˜[01m[Krclcpp_action[m[Kâ€™ has not been declared
[1.956s]    26 |         auto send_goal_options = [01;31m[Krclcpp_action[m[K::Client<FindYellow>::SendGoalOptions();
[1.956s]       |                                  [01;31m[K^~~~~~~~~~~~~[m[K
[1.956s] [01m[K/home/fourfold/dev/inmind_final_project_test/workspace/install/yellow_ball_finder/include/yellow_ball_finder/find_yellow_ball.h:26:66:[m[K [01;31m[Kerror: [m[Kexpected primary-expression before â€˜[01m[K>[m[Kâ€™ token
[1.956s]    26 |    auto send_goal_options = rclcpp_action::Client<FindYellow[01;31m[K>[m[K::SendGoalOptions();
[1.957s]       |                                                             [01;31m[K^[m[K
[1.957s] 
[1.963s] [01m[K/home/fourfold/dev/inmind_final_project_test/workspace/install/yellow_ball_finder/include/yellow_ball_finder/find_yellow_ball.h:26:69:[m[K [01;31m[Kerror: [m[Kâ€˜[01m[K::SendGoalOptions[m[Kâ€™ has not been declared; did you mean â€˜[01m[Ksend_goal_options[m[Kâ€™?
[1.963s]    26 | auto send_goal_options = rclcpp_action::Client<FindYellow>::[01;31m[KSendGoalOptions[m[K();
[1.963s]       |                                                             [01;31m[K^~~~~~~~~~~~~~~[m[K
[1.963s]       |                                                             [32m[Ksend_goal_options[m[K
[1.971s] [01m[K/home/fourfold/dev/inmind_final_project_test/workspace/install/yellow_ball_finder/include/yellow_ball_finder/find_yellow_ball.h:43:15:[m[K [01;31m[Kerror: [m[Kâ€˜[01m[Kclass FindYellowBall[m[Kâ€™ has no member named â€˜[01m[Kaction_client[m[Kâ€™
[1.971s]    43 |         this->[01;31m[Kaction_client[m[K->async_send_goal(goal_msg, send_goal_options);
[1.971s]       |               [01;31m[K^~~~~~~~~~~~~[m[K
[1.971s] [01m[K/home/fourfold/dev/inmind_final_project_test/workspace/install/yellow_ball_finder/include/yellow_ball_finder/find_yellow_ball.h:45:43:[m[K [01;31m[Kerror: [m[Kno matching function for call to â€˜[01m[Kspin_until_future_complete(FindYellowBall*)[m[Kâ€™
[1.971s]    45 |         [01;31m[Krclcpp::spin_until_future_complete(this)[m[K;
[1.971s]       |         [01;31m[K~~~~~~~~~~~~~~~~~~~~~~~~~~~~~~~~~~^~~~~~[m[K
[1.971s] In file included from [01m[K/opt/ros/humble/include/rclcpp/rclcpp/rclcpp.hpp:155[m[K,
[1.971s]                  from [01m[K/home/fourfold/dev/inmind_final_project_test/workspace/install/basic_navigation/include/basic_navigation/move_forward.h:5[m[K,
[1.971s]                  from [01m[K/home/fourfold/dev/inmind_final_project_test/workspace/src/main/main/src/main.cpp:1[m[K:
[1.971s] [01m[K/opt/ros/humble/include/rclcpp/rclcpp/executors.hpp:105:1:[m[K [01;36m[Knote: [m[Kcandidate: â€˜[01m[Ktemplate<class FutureT, class TimeRepT, class TimeT> rclcpp::FutureReturnCode rclcpp::spin_until_future_complete(rclcpp::node_interfaces::NodeBaseInterface::SharedPtr, const FutureT&, std::chrono::duration<_Rep, _Period>)[m[Kâ€™
[1.971s]   105 | [01;36m[Kspin_until_future_complete[m[K(
[1.971s]       | [01;36m[K^~~~~~~~~~~~~~~~~~~~~~~~~~[m[K
[1.971s] [01m[K/opt/ros/humble/include/rclcpp/rclcpp/executors.hpp:105:1:[m[K [01;36m[Knote: [m[K  template argument deduction/substitution failed:
[1.971s] In file included from [01m[K/home/fourfold/dev/inmind_final_project_test/workspace/src/main/main/src/main.cpp:4[m[K:
[1.971s] [01m[K/home/fourfold/dev/inmind_final_project_test/workspace/install/yellow_ball_finder/include/yellow_ball_finder/find_yellow_ball.h:45:43:[m[K [01;36m[Knote: [m[K  candidate expects 3 arguments, 1 provided
[1.971s]    45 |         [01;36m[Krclcpp::spin_until_future_complete(this)[m[K;
[1.971s]       |         [01;36m[K~~~~~~~~~~~~~~~~~~~~~~~~~~~~~~~~~~^~~~~~[m[K
[1.971s] In file included from [01m[K/opt/ros/humble/include/rclcpp/rclcpp/rclcpp.hpp:155[m[K,
[1.971s]                  from [01m[K/home/fourfold/dev/inmind_final_project_test/workspace/install/basic_navigation/include/basic_navigation/move_forward.h:5[m[K,
[1.971s]                  from [01m[K/home/fourfold/dev/inmind_final_project_test/workspace/src/main/main/src/main.cpp:1[m[K:
[1.971s] [01m[K/opt/ros/humble/include/rclcpp/rclcpp/executors.hpp:117:1:[m[K [01;36m[Knote: [m[Kcandidate: â€˜[01m[Ktemplate<class NodeT, class FutureT, class TimeRepT, class TimeT> rclcpp::FutureReturnCode rclcpp::spin_until_future_complete(std::shared_ptr<_Tp>, const FutureT&, std::chrono::duration<_Rep2, _Period2>)[m[Kâ€™
[1.971s]   117 | [01;36m[Kspin_until_future_complete[m[K(
[1.971s]       | [01;36m[K^~~~~~~~~~~~~~~~~~~~~~~~~~[m[K
[1.971s] [01m[K/opt/ros/humble/include/rclcpp/rclcpp/executors.hpp:117:1:[m[K [01;36m[Knote: [m[K  template argument deduction/substitution failed:
[1.971s] In file included from [01m[K/home/fourfold/dev/inmind_final_project_test/workspace/src/main/main/src/main.cpp:4[m[K:
[1.971s] [01m[K/home/fourfold/dev/inmind_final_project_test/workspace/install/yellow_ball_finder/include/yellow_ball_finder/find_yellow_ball.h:45:43:[m[K [01;36m[Knote: [m[K  mismatched types â€˜[01m[Kstd::shared_ptr<_Tp>[m[Kâ€™ and â€˜[01m[KFindYellowBall*[m[Kâ€™
[1.971s]    45 |         [01;36m[Krclcpp::spin_until_future_complete(this)[m[K;
[1.971s]       |         [01;36m[K~~~~~~~~~~~~~~~~~~~~~~~~~~~~~~~~~~^~~~~~[m[K
[1.971s] In file included from [01m[K/home/fourfold/dev/inmind_final_project_test/workspace/src/main/main/src/main.cpp:4[m[K:
[1.972s] [01m[K/home/fourfold/dev/inmind_final_project_test/workspace/install/yellow_ball_finder/include/yellow_ball_finder/find_yellow_ball.h:[m[K In member function â€˜[01m[Kvoid FindYellowBall::feedback_callback(...)[m[Kâ€™:
[1.972s] [01m[K/home/fourfold/dev/inmind_final_project_test/workspace/install/yellow_ball_finder/include/yellow_ball_finder/find_yellow_ball.h:64:31:[m[K [01;35m[Kwarning: [m[Kunused parameter â€˜[01m[KSharedPtr[m[Kâ€™ [[01;35m[K]8;;https://gcc.gnu.org/onlinedocs/gcc/Warning-Options.html#index-Wunused-parameter-Wunused-parameter]8;;[m[K]
[1.972s]    64 |         [01;35m[KGoalHandleFindYellow::SharedPtr[m[K,
[1.972s]       |         [01;35m[K~~~~~~~~~~~~~~~~~~~~~~^~~~~~~~~[m[K
[2.003s] [01m[K/home/fourfold/dev/inmind_final_project_test/workspace/src/main/main/src/main.cpp:[m[K In constructor â€˜[01m[KMainNode::MainNode()[m[Kâ€™:
[2.003s] [01m[K/home/fourfold/dev/inmind_final_project_test/workspace/src/main/main/src/main.cpp:22:24:[m[K [01;35m[Kwarning: [m[Kunused variable â€˜[01m[Kstatus[m[Kâ€™ [[01;35m[K]8;;https://gcc.gnu.org/onlinedocs/gcc/Warning-Options.html#index-Wunused-variable-Wunused-variable]8;;[m[K]
[2.003s]    22 |         BT::NodeStatus [01;35m[Kstatus[m[K = tree.tickRoot();
[2.003s]       |                        [01;35m[K^~~~~~[m[K
[3.084s] gmake[2]: *** [CMakeFiles/main_node.dir/build.make:76: CMakeFiles/main_node.dir/src/main.cpp.o] Error 1
[3.084s] gmake[1]: *** [CMakeFiles/Makefile2:139: CMakeFiles/main_node.dir/all] Error 2
[3.084s] gmake: *** [Makefile:146: all] Error 2
[3.086s] Invoked command in '/home/fourfold/dev/inmind_final_project_test/workspace/build/main' returned '2': AMENT_PREFIX_PATH=/home/fourfold/dev/inmind_final_project_test/workspace/install/detection_interfaces:${AMENT_PREFIX_PATH} CMAKE_PREFIX_PATH=/home/fourfold/dev/inmind_final_project_test/workspace/install/yellow_ball_finder:/home/fourfold/dev/inmind_final_project_test/workspace/install/detection_interfaces:/home/fourfold/dev/inmind_final_project_test/workspace/install/basic_navigation:/home/fourfold/dev/inmind_final_project_test/workspace/install/main:/opt/ros/humble LD_LIBRARY_PATH=/home/fourfold/dev/inmind_final_project_test/workspace/install/detection_interfaces/lib:${LD_LIBRARY_PATH} PYTHONPATH=/home/fourfold/dev/inmind_final_project_test/workspace/install/detection_interfaces/local/lib/python3.10/dist-packages:${PYTHONPATH} /usr/bin/cmake --build /home/fourfold/dev/inmind_final_project_test/workspace/build/main -- -j16 -l16
