[0.006s] Invoking command in '/home/fourfold/dev/inmind_final_project_test/workspace/build/yellow_ball_finder': CMAKE_PREFIX_PATH=/home/fourfold/dev/inmind_final_project_test/workspace/install/detection_interfaces:/home/fourfold/dev/inmind_final_project_test/workspace/install/main:/home/fourfold/dev/inmind_final_project_test/workspace/install/yellow_ball_finder:/home/fourfold/dev/inmind_final_project_test/workspace/install/basic_navigation:/opt/ros/humble /usr/bin/cmake --build /home/fourfold/dev/inmind_final_project_test/workspace/build/yellow_ball_finder -- -j16 -l16
[0.043s] [ 75%] Built target yellow_ball_action_server
[0.043s] [ 75%] [32mBuilding CXX object CMakeFiles/yellow_sphere_finder.dir/src/yellow_ball_follower.cpp.o[0m
[0.047s] [01m[Kcc1plus:[m[K [01;31m[Kfatal error: [m[K/home/fourfold/dev/inmind_final_project_test/workspace/src/perception/yellow_ball_finder/src/yellow_ball_follower.cpp: No such file or directory
[0.048s] compilation terminated.
[0.048s] gmake[2]: *** [CMakeFiles/yellow_sphere_finder.dir/build.make:76: CMakeFiles/yellow_sphere_finder.dir/src/yellow_ball_follower.cpp.o] Error 1
[0.048s] gmake[1]: *** [CMakeFiles/Makefile2:139: CMakeFiles/yellow_sphere_finder.dir/all] Error 2
[0.048s] gmake: *** [Makefile:146: all] Error 2
[0.050s] Invoked command in '/home/fourfold/dev/inmind_final_project_test/workspace/build/yellow_ball_finder' returned '2': CMAKE_PREFIX_PATH=/home/fourfold/dev/inmind_final_project_test/workspace/install/detection_interfaces:/home/fourfold/dev/inmind_final_project_test/workspace/install/main:/home/fourfold/dev/inmind_final_project_test/workspace/install/yellow_ball_finder:/home/fourfold/dev/inmind_final_project_test/workspace/install/basic_navigation:/opt/ros/humble /usr/bin/cmake --build /home/fourfold/dev/inmind_final_project_test/workspace/build/yellow_ball_finder -- -j16 -l16
