[0.005s] Invoking command in '/home/fourfold/dev/inmind_final_project_test/workspace/build/main': CMAKE_PREFIX_PATH=/home/fourfold/dev/inmind_final_project_test/workspace/install/basic_navigation:/home/fourfold/dev/inmind_final_project_test/workspace/install/main:/opt/ros/humble /usr/bin/cmake --build /home/fourfold/dev/inmind_final_project_test/workspace/build/main -- -j16 -l16
[0.042s] [ 50%] [32mBuilding CXX object CMakeFiles/main_node.dir/src/main.cpp.o[0m
[1.673s] [100%] [32m[1mLinking CXX executable main_node[0m
[1.739s] /usr/bin/ld: CMakeFiles/main_node.dir/src/main.cpp.o: in function `BT::CreateBuilder<MoveForward>(std::enable_if<std::is_constructible<MoveForward, std::__cxx11::basic_string<char, std::char_traits<char>, std::allocator<char> > const&>::value&&(!std::is_constructible<MoveForward, std::__cxx11::basic_string<char, std::char_traits<char>, std::allocator<char> > const&, BT::NodeConfiguration const&>::value), void>::type*)::{lambda(std::__cxx11::basic_string<char, std::char_traits<char>, std::allocator<char> > const&, BT::NodeConfiguration const&)#1}::operator()(std::__cxx11::basic_string<char, std::char_traits<char>, std::allocator<char> > const&, BT::NodeConfiguration const&) const':
[1.739s] main.cpp:(.text._ZZN2BT13CreateBuilderI11MoveForwardEESt8functionIFSt10unique_ptrINS_8TreeNodeESt14default_deleteIS4_EERKNSt7__cxx1112basic_stringIcSt11char_traitsIcESaIcEEERKNS_17NodeConfigurationEEEPNSt9enable_ifIXaasrSt16is_constructibleIT_JSF_EE5valuentsrSM_ISN_JSF_SI_EE5valueEvE4typeEENKUlSF_SI_E_clESF_SI_[_ZZN2BT13CreateBuilderI11MoveForwardEESt8functionIFSt10unique_ptrINS_8TreeNodeESt14default_deleteIS4_EERKNSt7__cxx1112basic_stringIcSt11char_traitsIcESaIcEEERKNS_17NodeConfigurationEEEPNSt9enable_ifIXaasrSt16is_constructibleIT_JSF_EE5valuentsrSM_ISN_JSF_SI_EE5valueEvE4typeEENKUlSF_SI_E_clESF_SI_]+0x36): undefined reference to `MoveForward::MoveForward(std::__cxx11::basic_string<char, std::char_traits<char>, std::allocator<char> > const&)'
[1.743s] collect2: error: ld returned 1 exit status
[1.744s] gmake[2]: *** [CMakeFiles/main_node.dir/build.make:168: main_node] Error 1
[1.744s] gmake[1]: *** [CMakeFiles/Makefile2:137: CMakeFiles/main_node.dir/all] Error 2
[1.745s] gmake: *** [Makefile:146: all] Error 2
[1.747s] Invoked command in '/home/fourfold/dev/inmind_final_project_test/workspace/build/main' returned '2': CMAKE_PREFIX_PATH=/home/fourfold/dev/inmind_final_project_test/workspace/install/basic_navigation:/home/fourfold/dev/inmind_final_project_test/workspace/install/main:/opt/ros/humble /usr/bin/cmake --build /home/fourfold/dev/inmind_final_project_test/workspace/build/main -- -j16 -l16
