In file included from [01m[K/home/fourfold/dev/inmind_final_project_test/workspace/install/yellow_ball_finder/include/yellow_ball_finder/find_yellow_ball.h:4[m[K,
                 from [01m[K/home/fourfold/dev/inmind_final_project_test/workspace/src/main/main/src/main.cpp:4[m[K:
[01m[K/home/fourfold/dev/inmind_final_project_test/workspace/install/yellow_ball_finder/include/yellow_ball_finder/image_collector.h:[m[K In constructor â€˜[01m[KImageCollector::ImageCollector(const string&)[m[Kâ€™:
[01m[K/home/fourfold/dev/inmind_final_project_test/workspace/install/yellow_ball_finder/include/yellow_ball_finder/image_collector.h:12:39:[m[K [01;35m[Kwarning: [m[Kunused parameter â€˜[01m[Kname[m[Kâ€™ [[01;35m[K]8;;https://gcc.gnu.org/onlinedocs/gcc/Warning-Options.html#index-Wunused-parameter-Wunused-parameter]8;;[m[K]
   12 |     ImageCollector([01;35m[Kconst std::string& name[m[K) : rclcpp::Node("image_collector") {
      |                    [01;35m[K~~~~~~~~~~~~~~~~~~~^~~~[m[K
In file included from [01m[K/home/fourfold/dev/inmind_final_project_test/workspace/src/main/main/src/main.cpp:4[m[K:
[01m[K/home/fourfold/dev/inmind_final_project_test/workspace/install/yellow_ball_finder/include/yellow_ball_finder/find_yellow_ball.h:[m[K In member function â€˜[01m[Kvirtual BT::NodeStatus FindYellowBall::tick()[m[Kâ€™:
[01m[K/home/fourfold/dev/inmind_final_project_test/workspace/install/yellow_ball_finder/include/yellow_ball_finder/find_yellow_ball.h:21:46:[m[K [01;31m[Kerror: [m[Kno match for â€˜[01m[Koperator=[m[Kâ€™ (operand types are â€˜[01m[Kcv_bridge::CvImagePtr[m[Kâ€™ {aka â€˜[01m[Kstd::shared_ptr<cv_bridge::CvImage>[m[Kâ€™} and â€˜[01m[Kint[m[Kâ€™)
   21 |         cv_ptr = ImageCollector::getImagePtr([01;31m[K)[m[K;
      |                                              [01;31m[K^[m[K
In file included from [01m[K/usr/include/c++/11/condition_variable:43[m[K,
                 from [01m[K/opt/ros/humble/include/behaviortree_cpp_v3/tree_node.h:16[m[K,
                 from [01m[K/opt/ros/humble/include/behaviortree_cpp_v3/control_node.h:17[m[K,
                 from [01m[K/opt/ros/humble/include/behaviortree_cpp_v3/controls/parallel_node.h:17[m[K,
                 from [01m[K/opt/ros/humble/include/behaviortree_cpp_v3/behavior_tree.h:17[m[K,
                 from [01m[K/home/fourfold/dev/inmind_final_project_test/workspace/install/basic_navigation/include/basic_navigation/move_forward.h:4[m[K,
                 from [01m[K/home/fourfold/dev/inmind_final_project_test/workspace/src/main/main/src/main.cpp:1[m[K:
[01m[K/usr/include/c++/11/bits/shared_ptr.h:363:9:[m[K [01;36m[Knote: [m[Kcandidate: â€˜[01m[Ktemplate<class _Yp> std::shared_ptr<_Tp>::_Assignable<const std::shared_ptr<_Yp>&> std::shared_ptr<_Tp>::operator=(const std::shared_ptr<_Yp>&) [with _Yp = _Yp; _Tp = cv_bridge::CvImage][m[Kâ€™
  363 |         [01;36m[Koperator[m[K=(const shared_ptr<_Yp>& __r) noexcept
      |         [01;36m[K^~~~~~~~[m[K
[01m[K/usr/include/c++/11/bits/shared_ptr.h:363:9:[m[K [01;36m[Knote: [m[K  template argument deduction/substitution failed:
In file included from [01m[K/home/fourfold/dev/inmind_final_project_test/workspace/src/main/main/src/main.cpp:4[m[K:
[01m[K/home/fourfold/dev/inmind_final_project_test/workspace/install/yellow_ball_finder/include/yellow_ball_finder/find_yellow_ball.h:21:46:[m[K [01;36m[Knote: [m[K  mismatched types â€˜[01m[Kconst std::shared_ptr<_Tp>[m[Kâ€™ and â€˜[01m[Kint[m[Kâ€™
   21 |         cv_ptr = ImageCollector::getImagePtr([01;36m[K)[m[K;
      |                                              [01;36m[K^[m[K
In file included from [01m[K/usr/include/c++/11/condition_variable:43[m[K,
                 from [01m[K/opt/ros/humble/include/behaviortree_cpp_v3/tree_node.h:16[m[K,
                 from [01m[K/opt/ros/humble/include/behaviortree_cpp_v3/control_node.h:17[m[K,
                 from [01m[K/opt/ros/humble/include/behaviortree_cpp_v3/controls/parallel_node.h:17[m[K,
                 from [01m[K/opt/ros/humble/include/behaviortree_cpp_v3/behavior_tree.h:17[m[K,
                 from [01m[K/home/fourfold/dev/inmind_final_project_test/workspace/install/basic_navigation/include/basic_navigation/move_forward.h:4[m[K,
                 from [01m[K/home/fourfold/dev/inmind_final_project_test/workspace/src/main/main/src/main.cpp:1[m[K:
[01m[K/usr/include/c++/11/bits/shared_ptr.h:374:9:[m[K [01;36m[Knote: [m[Kcandidate: â€˜[01m[Ktemplate<class _Yp> std::shared_ptr<_Tp>::_Assignable<std::auto_ptr<_Up> > std::shared_ptr<_Tp>::operator=(std::auto_ptr<_Up>&&) [with _Yp = _Yp; _Tp = cv_bridge::CvImage][m[Kâ€™
  374 |         [01;36m[Koperator[m[K=(auto_ptr<_Yp>&& __r)
      |         [01;36m[K^~~~~~~~[m[K
[01m[K/usr/include/c++/11/bits/shared_ptr.h:374:9:[m[K [01;36m[Knote: [m[K  template argument deduction/substitution failed:
In file included from [01m[K/home/fourfold/dev/inmind_final_project_test/workspace/src/main/main/src/main.cpp:4[m[K:
[01m[K/home/fourfold/dev/inmind_final_project_test/workspace/install/yellow_ball_finder/include/yellow_ball_finder/find_yellow_ball.h:21:46:[m[K [01;36m[Knote: [m[K  mismatched types â€˜[01m[Kstd::auto_ptr<_Up>[m[Kâ€™ and â€˜[01m[Kint[m[Kâ€™
   21 |         cv_ptr = ImageCollector::getImagePtr([01;36m[K)[m[K;
      |                                              [01;36m[K^[m[K
In file included from [01m[K/usr/include/c++/11/condition_variable:43[m[K,
                 from [01m[K/opt/ros/humble/include/behaviortree_cpp_v3/tree_node.h:16[m[K,
                 from [01m[K/opt/ros/humble/include/behaviortree_cpp_v3/control_node.h:17[m[K,
                 from [01m[K/opt/ros/humble/include/behaviortree_cpp_v3/controls/parallel_node.h:17[m[K,
                 from [01m[K/opt/ros/humble/include/behaviortree_cpp_v3/behavior_tree.h:17[m[K,
                 from [01m[K/home/fourfold/dev/inmind_final_project_test/workspace/install/basic_navigation/include/basic_navigation/move_forward.h:4[m[K,
                 from [01m[K/home/fourfold/dev/inmind_final_project_test/workspace/src/main/main/src/main.cpp:1[m[K:
[01m[K/usr/include/c++/11/bits/shared_ptr.h:391:9:[m[K [01;36m[Knote: [m[Kcandidate: â€˜[01m[Ktemplate<class _Yp> std::shared_ptr<_Tp>::_Assignable<std::shared_ptr<_Yp> > std::shared_ptr<_Tp>::operator=(std::shared_ptr<_Yp>&&) [with _Yp = _Yp; _Tp = cv_bridge::CvImage][m[Kâ€™
  391 |         [01;36m[Koperator[m[K=(shared_ptr<_Yp>&& __r) noexcept
      |         [01;36m[K^~~~~~~~[m[K
[01m[K/usr/include/c++/11/bits/shared_ptr.h:391:9:[m[K [01;36m[Knote: [m[K  template argument deduction/substitution failed:
In file included from [01m[K/home/fourfold/dev/inmind_final_project_test/workspace/src/main/main/src/main.cpp:4[m[K:
[01m[K/home/fourfold/dev/inmind_final_project_test/workspace/install/yellow_ball_finder/include/yellow_ball_finder/find_yellow_ball.h:21:46:[m[K [01;36m[Knote: [m[K  mismatched types â€˜[01m[Kstd::shared_ptr<_Tp>[m[Kâ€™ and â€˜[01m[Kint[m[Kâ€™
   21 |         cv_ptr = ImageCollector::getImagePtr([01;36m[K)[m[K;
      |                                              [01;36m[K^[m[K
In file included from [01m[K/usr/include/c++/11/condition_variable:43[m[K,
                 from [01m[K/opt/ros/humble/include/behaviortree_cpp_v3/tree_node.h:16[m[K,
                 from [01m[K/opt/ros/humble/include/behaviortree_cpp_v3/control_node.h:17[m[K,
                 from [01m[K/opt/ros/humble/include/behaviortree_cpp_v3/controls/parallel_node.h:17[m[K,
                 from [01m[K/opt/ros/humble/include/behaviortree_cpp_v3/behavior_tree.h:17[m[K,
                 from [01m[K/home/fourfold/dev/inmind_final_project_test/workspace/install/basic_navigation/include/basic_navigation/move_forward.h:4[m[K,
                 from [01m[K/home/fourfold/dev/inmind_final_project_test/workspace/src/main/main/src/main.cpp:1[m[K:
[01m[K/usr/include/c++/11/bits/shared_ptr.h:399:9:[m[K [01;36m[Knote: [m[Kcandidate: â€˜[01m[Ktemplate<class _Yp, class _Del> std::shared_ptr<_Tp>::_Assignable<std::unique_ptr<_Up, _Ep> > std::shared_ptr<_Tp>::operator=(std::unique_ptr<_Up, _Ep>&&) [with _Yp = _Yp; _Del = _Del; _Tp = cv_bridge::CvImage][m[Kâ€™
  399 |         [01;36m[Koperator[m[K=(unique_ptr<_Yp, _Del>&& __r)
      |         [01;36m[K^~~~~~~~[m[K
[01m[K/usr/include/c++/11/bits/shared_ptr.h:399:9:[m[K [01;36m[Knote: [m[K  template argument deduction/substitution failed:
In file included from [01m[K/home/fourfold/dev/inmind_final_project_test/workspace/src/main/main/src/main.cpp:4[m[K:
[01m[K/home/fourfold/dev/inmind_final_project_test/workspace/install/yellow_ball_finder/include/yellow_ball_finder/find_yellow_ball.h:21:46:[m[K [01;36m[Knote: [m[K  mismatched types â€˜[01m[Kstd::unique_ptr<_Tp, _Dp>[m[Kâ€™ and â€˜[01m[Kint[m[Kâ€™
   21 |         cv_ptr = ImageCollector::getImagePtr([01;36m[K)[m[K;
      |                                              [01;36m[K^[m[K
In file included from [01m[K/usr/include/c++/11/condition_variable:43[m[K,
                 from [01m[K/opt/ros/humble/include/behaviortree_cpp_v3/tree_node.h:16[m[K,
                 from [01m[K/opt/ros/humble/include/behaviortree_cpp_v3/control_node.h:17[m[K,
                 from [01m[K/opt/ros/humble/include/behaviortree_cpp_v3/controls/parallel_node.h:17[m[K,
                 from [01m[K/opt/ros/humble/include/behaviortree_cpp_v3/behavior_tree.h:17[m[K,
                 from [01m[K/home/fourfold/dev/inmind_final_project_test/workspace/install/basic_navigation/include/basic_navigation/move_forward.h:4[m[K,
                 from [01m[K/home/fourfold/dev/inmind_final_project_test/workspace/src/main/main/src/main.cpp:1[m[K:
[01m[K/usr/include/c++/11/bits/shared_ptr.h:359:19:[m[K [01;36m[Knote: [m[Kcandidate: â€˜[01m[Kstd::shared_ptr<_Tp>& std::shared_ptr<_Tp>::operator=(const std::shared_ptr<_Tp>&) [with _Tp = cv_bridge::CvImage][m[Kâ€™
  359 |       shared_ptr& [01;36m[Koperator[m[K=(const shared_ptr&) noexcept = default;
      |                   [01;36m[K^~~~~~~~[m[K
[01m[K/usr/include/c++/11/bits/shared_ptr.h:359:29:[m[K [01;36m[Knote: [m[K  no known conversion for argument 1 from â€˜[01m[Kint[m[Kâ€™ to â€˜[01m[Kconst std::shared_ptr<cv_bridge::CvImage>&[m[Kâ€™
  359 |       shared_ptr& operator=([01;36m[Kconst shared_ptr&[m[K) noexcept = default;
      |                             [01;36m[K^~~~~~~~~~~~~~~~~[m[K
[01m[K/usr/include/c++/11/bits/shared_ptr.h:383:7:[m[K [01;36m[Knote: [m[Kcandidate: â€˜[01m[Kstd::shared_ptr<_Tp>& std::shared_ptr<_Tp>::operator=(std::shared_ptr<_Tp>&&) [with _Tp = cv_bridge::CvImage][m[Kâ€™
  383 |       [01;36m[Koperator[m[K=(shared_ptr&& __r) noexcept
      |       [01;36m[K^~~~~~~~[m[K
[01m[K/usr/include/c++/11/bits/shared_ptr.h:383:30:[m[K [01;36m[Knote: [m[K  no known conversion for argument 1 from â€˜[01m[Kint[m[Kâ€™ to â€˜[01m[Kstd::shared_ptr<cv_bridge::CvImage>&&[m[Kâ€™
  383 |       operator=([01;36m[Kshared_ptr&& __r[m[K) noexcept
      |                 [01;36m[K~~~~~~~~~~~~~^~~[m[K
In file included from [01m[K/home/fourfold/dev/inmind_final_project_test/workspace/src/main/main/src/main.cpp:4[m[K:
[01m[K/home/fourfold/dev/inmind_final_project_test/workspace/install/yellow_ball_finder/include/yellow_ball_finder/find_yellow_ball.h:23:50:[m[K [01;31m[Kerror: [m[Kno match for â€˜[01m[Koperator=[m[Kâ€™ (operand types are â€˜[01m[Kcv_bridge::CvImagePtr[m[Kâ€™ {aka â€˜[01m[Kstd::shared_ptr<cv_bridge::CvImage>[m[Kâ€™} and â€˜[01m[Kint[m[Kâ€™)
   23 |             cv_ptr = ImageCollector::getImagePtr([01;31m[K)[m[K;
      |                                                  [01;31m[K^[m[K
In file included from [01m[K/usr/include/c++/11/condition_variable:43[m[K,
                 from [01m[K/opt/ros/humble/include/behaviortree_cpp_v3/tree_node.h:16[m[K,
                 from [01m[K/opt/ros/humble/include/behaviortree_cpp_v3/control_node.h:17[m[K,
                 from [01m[K/opt/ros/humble/include/behaviortree_cpp_v3/controls/parallel_node.h:17[m[K,
                 from [01m[K/opt/ros/humble/include/behaviortree_cpp_v3/behavior_tree.h:17[m[K,
                 from [01m[K/home/fourfold/dev/inmind_final_project_test/workspace/install/basic_navigation/include/basic_navigation/move_forward.h:4[m[K,
                 from [01m[K/home/fourfold/dev/inmind_final_project_test/workspace/src/main/main/src/main.cpp:1[m[K:
[01m[K/usr/include/c++/11/bits/shared_ptr.h:363:9:[m[K [01;36m[Knote: [m[Kcandidate: â€˜[01m[Ktemplate<class _Yp> std::shared_ptr<_Tp>::_Assignable<const std::shared_ptr<_Yp>&> std::shared_ptr<_Tp>::operator=(const std::shared_ptr<_Yp>&) [with _Yp = _Yp; _Tp = cv_bridge::CvImage][m[Kâ€™
  363 |         [01;36m[Koperator[m[K=(const shared_ptr<_Yp>& __r) noexcept
      |         [01;36m[K^~~~~~~~[m[K
[01m[K/usr/include/c++/11/bits/shared_ptr.h:363:9:[m[K [01;36m[Knote: [m[K  template argument deduction/substitution failed:
In file included from [01m[K/home/fourfold/dev/inmind_final_project_test/workspace/src/main/main/src/main.cpp:4[m[K:
[01m[K/home/fourfold/dev/inmind_final_project_test/workspace/install/yellow_ball_finder/include/yellow_ball_finder/find_yellow_ball.h:23:50:[m[K [01;36m[Knote: [m[K  mismatched types â€˜[01m[Kconst std::shared_ptr<_Tp>[m[Kâ€™ and â€˜[01m[Kint[m[Kâ€™
   23 |             cv_ptr = ImageCollector::getImagePtr([01;36m[K)[m[K;
      |                                                  [01;36m[K^[m[K
In file included from [01m[K/usr/include/c++/11/condition_variable:43[m[K,
                 from [01m[K/opt/ros/humble/include/behaviortree_cpp_v3/tree_node.h:16[m[K,
                 from [01m[K/opt/ros/humble/include/behaviortree_cpp_v3/control_node.h:17[m[K,
                 from [01m[K/opt/ros/humble/include/behaviortree_cpp_v3/controls/parallel_node.h:17[m[K,
                 from [01m[K/opt/ros/humble/include/behaviortree_cpp_v3/behavior_tree.h:17[m[K,
                 from [01m[K/home/fourfold/dev/inmind_final_project_test/workspace/install/basic_navigation/include/basic_navigation/move_forward.h:4[m[K,
                 from [01m[K/home/fourfold/dev/inmind_final_project_test/workspace/src/main/main/src/main.cpp:1[m[K:
[01m[K/usr/include/c++/11/bits/shared_ptr.h:374:9:[m[K [01;36m[Knote: [m[Kcandidate: â€˜[01m[Ktemplate<class _Yp> std::shared_ptr<_Tp>::_Assignable<std::auto_ptr<_Up> > std::shared_ptr<_Tp>::operator=(std::auto_ptr<_Up>&&) [with _Yp = _Yp; _Tp = cv_bridge::CvImage][m[Kâ€™
  374 |         [01;36m[Koperator[m[K=(auto_ptr<_Yp>&& __r)
      |         [01;36m[K^~~~~~~~[m[K
[01m[K/usr/include/c++/11/bits/shared_ptr.h:374:9:[m[K [01;36m[Knote: [m[K  template argument deduction/substitution failed:
In file included from [01m[K/home/fourfold/dev/inmind_final_project_test/workspace/src/main/main/src/main.cpp:4[m[K:
[01m[K/home/fourfold/dev/inmind_final_project_test/workspace/install/yellow_ball_finder/include/yellow_ball_finder/find_yellow_ball.h:23:50:[m[K [01;36m[Knote: [m[K  mismatched types â€˜[01m[Kstd::auto_ptr<_Up>[m[Kâ€™ and â€˜[01m[Kint[m[Kâ€™
   23 |             cv_ptr = ImageCollector::getImagePtr([01;36m[K)[m[K;
      |                                                  [01;36m[K^[m[K
In file included from [01m[K/usr/include/c++/11/condition_variable:43[m[K,
                 from [01m[K/opt/ros/humble/include/behaviortree_cpp_v3/tree_node.h:16[m[K,
                 from [01m[K/opt/ros/humble/include/behaviortree_cpp_v3/control_node.h:17[m[K,
                 from [01m[K/opt/ros/humble/include/behaviortree_cpp_v3/controls/parallel_node.h:17[m[K,
                 from [01m[K/opt/ros/humble/include/behaviortree_cpp_v3/behavior_tree.h:17[m[K,
                 from [01m[K/home/fourfold/dev/inmind_final_project_test/workspace/install/basic_navigation/include/basic_navigation/move_forward.h:4[m[K,
                 from [01m[K/home/fourfold/dev/inmind_final_project_test/workspace/src/main/main/src/main.cpp:1[m[K:
[01m[K/usr/include/c++/11/bits/shared_ptr.h:391:9:[m[K [01;36m[Knote: [m[Kcandidate: â€˜[01m[Ktemplate<class _Yp> std::shared_ptr<_Tp>::_Assignable<std::shared_ptr<_Yp> > std::shared_ptr<_Tp>::operator=(std::shared_ptr<_Yp>&&) [with _Yp = _Yp; _Tp = cv_bridge::CvImage][m[Kâ€™
  391 |         [01;36m[Koperator[m[K=(shared_ptr<_Yp>&& __r) noexcept
      |         [01;36m[K^~~~~~~~[m[K
[01m[K/usr/include/c++/11/bits/shared_ptr.h:391:9:[m[K [01;36m[Knote: [m[K  template argument deduction/substitution failed:
In file included from [01m[K/home/fourfold/dev/inmind_final_project_test/workspace/src/main/main/src/main.cpp:4[m[K:
[01m[K/home/fourfold/dev/inmind_final_project_test/workspace/install/yellow_ball_finder/include/yellow_ball_finder/find_yellow_ball.h:23:50:[m[K [01;36m[Knote: [m[K  mismatched types â€˜[01m[Kstd::shared_ptr<_Tp>[m[Kâ€™ and â€˜[01m[Kint[m[Kâ€™
   23 |             cv_ptr = ImageCollector::getImagePtr([01;36m[K)[m[K;
      |                                                  [01;36m[K^[m[K
In file included from [01m[K/usr/include/c++/11/condition_variable:43[m[K,
                 from [01m[K/opt/ros/humble/include/behaviortree_cpp_v3/tree_node.h:16[m[K,
                 from [01m[K/opt/ros/humble/include/behaviortree_cpp_v3/control_node.h:17[m[K,
                 from [01m[K/opt/ros/humble/include/behaviortree_cpp_v3/controls/parallel_node.h:17[m[K,
                 from [01m[K/opt/ros/humble/include/behaviortree_cpp_v3/behavior_tree.h:17[m[K,
                 from [01m[K/home/fourfold/dev/inmind_final_project_test/workspace/install/basic_navigation/include/basic_navigation/move_forward.h:4[m[K,
                 from [01m[K/home/fourfold/dev/inmind_final_project_test/workspace/src/main/main/src/main.cpp:1[m[K:
[01m[K/usr/include/c++/11/bits/shared_ptr.h:399:9:[m[K [01;36m[Knote: [m[Kcandidate: â€˜[01m[Ktemplate<class _Yp, class _Del> std::shared_ptr<_Tp>::_Assignable<std::unique_ptr<_Up, _Ep> > std::shared_ptr<_Tp>::operator=(std::unique_ptr<_Up, _Ep>&&) [with _Yp = _Yp; _Del = _Del; _Tp = cv_bridge::CvImage][m[Kâ€™
  399 |         [01;36m[Koperator[m[K=(unique_ptr<_Yp, _Del>&& __r)
      |         [01;36m[K^~~~~~~~[m[K
[01m[K/usr/include/c++/11/bits/shared_ptr.h:399:9:[m[K [01;36m[Knote: [m[K  template argument deduction/substitution failed:
In file included from [01m[K/home/fourfold/dev/inmind_final_project_test/workspace/src/main/main/src/main.cpp:4[m[K:
[01m[K/home/fourfold/dev/inmind_final_project_test/workspace/install/yellow_ball_finder/include/yellow_ball_finder/find_yellow_ball.h:23:50:[m[K [01;36m[Knote: [m[K  mismatched types â€˜[01m[Kstd::unique_ptr<_Tp, _Dp>[m[Kâ€™ and â€˜[01m[Kint[m[Kâ€™
   23 |             cv_ptr = ImageCollector::getImagePtr([01;36m[K)[m[K;
      |                                                  [01;36m[K^[m[K
In file included from [01m[K/usr/include/c++/11/condition_variable:43[m[K,
                 from [01m[K/opt/ros/humble/include/behaviortree_cpp_v3/tree_node.h:16[m[K,
                 from [01m[K/opt/ros/humble/include/behaviortree_cpp_v3/control_node.h:17[m[K,
                 from [01m[K/opt/ros/humble/include/behaviortree_cpp_v3/controls/parallel_node.h:17[m[K,
                 from [01m[K/opt/ros/humble/include/behaviortree_cpp_v3/behavior_tree.h:17[m[K,
                 from [01m[K/home/fourfold/dev/inmind_final_project_test/workspace/install/basic_navigation/include/basic_navigation/move_forward.h:4[m[K,
                 from [01m[K/home/fourfold/dev/inmind_final_project_test/workspace/src/main/main/src/main.cpp:1[m[K:
[01m[K/usr/include/c++/11/bits/shared_ptr.h:359:19:[m[K [01;36m[Knote: [m[Kcandidate: â€˜[01m[Kstd::shared_ptr<_Tp>& std::shared_ptr<_Tp>::operator=(const std::shared_ptr<_Tp>&) [with _Tp = cv_bridge::CvImage][m[Kâ€™
  359 |       shared_ptr& [01;36m[Koperator[m[K=(const shared_ptr&) noexcept = default;
      |                   [01;36m[K^~~~~~~~[m[K
[01m[K/usr/include/c++/11/bits/shared_ptr.h:359:29:[m[K [01;36m[Knote: [m[K  no known conversion for argument 1 from â€˜[01m[Kint[m[Kâ€™ to â€˜[01m[Kconst std::shared_ptr<cv_bridge::CvImage>&[m[Kâ€™
  359 |       shared_ptr& operator=([01;36m[Kconst shared_ptr&[m[K) noexcept = default;
      |                             [01;36m[K^~~~~~~~~~~~~~~~~[m[K
[01m[K/usr/include/c++/11/bits/shared_ptr.h:383:7:[m[K [01;36m[Knote: [m[Kcandidate: â€˜[01m[Kstd::shared_ptr<_Tp>& std::shared_ptr<_Tp>::operator=(std::shared_ptr<_Tp>&&) [with _Tp = cv_bridge::CvImage][m[Kâ€™
  383 |       [01;36m[Koperator[m[K=(shared_ptr&& __r) noexcept
      |       [01;36m[K^~~~~~~~[m[K
[01m[K/usr/include/c++/11/bits/shared_ptr.h:383:30:[m[K [01;36m[Knote: [m[K  no known conversion for argument 1 from â€˜[01m[Kint[m[Kâ€™ to â€˜[01m[Kstd::shared_ptr<cv_bridge::CvImage>&&[m[Kâ€™
  383 |       operator=([01;36m[Kshared_ptr&& __r[m[K) noexcept
      |                 [01;36m[K~~~~~~~~~~~~~^~~[m[K
[01m[K/home/fourfold/dev/inmind_final_project_test/workspace/src/main/main/src/main.cpp:[m[K In constructor â€˜[01m[KMainNode::MainNode()[m[Kâ€™:
[01m[K/home/fourfold/dev/inmind_final_project_test/workspace/src/main/main/src/main.cpp:22:24:[m[K [01;35m[Kwarning: [m[Kunused variable â€˜[01m[Kstatus[m[Kâ€™ [[01;35m[K]8;;https://gcc.gnu.org/onlinedocs/gcc/Warning-Options.html#index-Wunused-variable-Wunused-variable]8;;[m[K]
   22 |         BT::NodeStatus [01;35m[Kstatus[m[K = tree.tickRoot();
      |                        [01;35m[K^~~~~~[m[K
gmake[2]: *** [CMakeFiles/main_node.dir/build.make:76: CMakeFiles/main_node.dir/src/main.cpp.o] Error 1
gmake[1]: *** [CMakeFiles/Makefile2:139: CMakeFiles/main_node.dir/all] Error 2
gmake: *** [Makefile:146: all] Error 2
