[01m[K/home/fourfold/dev/inmind_final_project_test/workspace/src/main/main/src/main.cpp:1:10:[m[K [01;31m[Kfatal error: [m[Kbasic_navigation/move_forward.h: No such file or directory
    1 | #include [01;31m[K<basic_navigation/move_forward.h>[m[K
      |          [01;31m[K^~~~~~~~~~~~~~~~~~~~~~~~~~~~~~~~~[m[K
compilation terminated.
gmake[2]: *** [CMakeFiles/main_node.dir/build.make:76: CMakeFiles/main_node.dir/src/main.cpp.o] Error 1
gmake[1]: *** [CMakeFiles/Makefile2:137: CMakeFiles/main_node.dir/all] Error 2
gmake: *** [Makefile:146: all] Error 2
