[0.006s] Invoking command in '/home/fourfold/dev/inmind_final_project_test/workspace/build/basic_navigation': CMAKE_PREFIX_PATH=/opt/ros/humble /usr/bin/cmake --build /home/fourfold/dev/inmind_final_project_test/workspace/build/basic_navigation -- -j16 -l16
[0.021s] -- Found ament_cmake: 1.3.10 (/opt/ros/humble/share/ament_cmake/cmake)
[0.090s] -- Found rclcpp: 16.0.10 (/opt/ros/humble/share/rclcpp/cmake)
[0.105s] -- Found rosidl_generator_c: 3.1.5 (/opt/ros/humble/share/rosidl_generator_c/cmake)
[0.106s] -- Found rosidl_adapter: 3.1.5 (/opt/ros/humble/share/rosidl_adapter/cmake)
[0.109s] -- Found rosidl_generator_cpp: 3.1.5 (/opt/ros/humble/share/rosidl_generator_cpp/cmake)
[0.114s] -- Using all available rosidl_typesupport_c: rosidl_typesupport_fastrtps_c;rosidl_typesupport_introspection_c
[0.121s] -- Using all available rosidl_typesupport_cpp: rosidl_typesupport_fastrtps_cpp;rosidl_typesupport_introspection_cpp
[0.138s] -- Found rmw_implementation_cmake: 6.1.2 (/opt/ros/humble/share/rmw_implementation_cmake/cmake)
[0.139s] -- Found rmw_fastrtps_cpp: 6.2.7 (/opt/ros/humble/share/rmw_fastrtps_cpp/cmake)
[0.196s] -- Using RMW implementation 'rmw_fastrtps_cpp' as default
[0.221s] -- Found geometry_msgs: 4.2.4 (/opt/ros/humble/share/geometry_msgs/cmake)
[0.228s] -- Found ament_lint_auto: 0.12.11 (/opt/ros/humble/share/ament_lint_auto/cmake)
[0.265s] -- Added test 'cppcheck' to perform static code analysis on C / C++ code
[0.265s] -- Configured cppcheck include dirs: /home/fourfold/dev/inmind_final_project_test/workspace/src/navigation/basic_navigation/include
[0.265s] -- Configured cppcheck exclude dirs and/or files: 
[0.265s] -- Added test 'lint_cmake' to check CMake code style
[0.265s] -- Added test 'uncrustify' to check C / C++ code style
[0.265s] -- Configured uncrustify additional arguments: 
[0.266s] -- Added test 'xmllint' to check XML markup files
[0.266s] -- Configuring done
[0.270s] -- Generating done
[0.271s] -- Build files have been written to: /home/fourfold/dev/inmind_final_project_test/workspace/build/basic_navigation
[0.288s] [35m[1mConsolidate compiler generated dependencies of target move_forward_node[0m
[0.299s] [ 50%] [32mBuilding CXX object CMakeFiles/move_forward_node.dir/src/move_forward.cpp.o[0m
[0.304s] [01m[K/home/fourfold/dev/inmind_final_project_test/workspace/src/navigation/basic_navigation/src/move_forward.cpp:1:10:[m[K [01;31m[Kfatal error: [m[Kmove_forward.h: No such file or directory
[0.304s]     1 | #include [01;31m[K<move_forward.h>[m[K
[0.304s]       |          [01;31m[K^~~~~~~~~~~~~~~~[m[K
[0.304s] compilation terminated.
[0.305s] gmake[2]: *** [CMakeFiles/move_forward_node.dir/build.make:76: CMakeFiles/move_forward_node.dir/src/move_forward.cpp.o] Error 1
[0.305s] gmake[1]: *** [CMakeFiles/Makefile2:137: CMakeFiles/move_forward_node.dir/all] Error 2
[0.305s] gmake: *** [Makefile:146: all] Error 2
[0.307s] Invoked command in '/home/fourfold/dev/inmind_final_project_test/workspace/build/basic_navigation' returned '2': CMAKE_PREFIX_PATH=/opt/ros/humble /usr/bin/cmake --build /home/fourfold/dev/inmind_final_project_test/workspace/build/basic_navigation -- -j16 -l16
