[35m[1mConsolidate compiler generated dependencies of target main_node[0m
[ 50%] Built target test_node
[ 75%] [32mBuilding CXX object CMakeFiles/main_node.dir/src/main.cpp.o[0m
In file included from [01m[K/home/fourfold/dev/inmind_final_project_test/workspace/src/main/main/src/main.cpp:4[m[K:
[01m[K/home/fourfold/dev/inmind_final_project_test/workspace/install/yellow_ball_finder/include/yellow_ball_finder/find_yellow_ball.h:12:10:[m[K [01;31m[Kfatal error: [m[Krclcpp_action/rclcpp_action.hpp: No such file or directory
   12 | #include [01;31m[K"rclcpp_action/rclcpp_action.hpp"[m[K
      |          [01;31m[K^~~~~~~~~~~~~~~~~~~~~~~~~~~~~~~~~[m[K
compilation terminated.
gmake[2]: *** [CMakeFiles/main_node.dir/build.make:76: CMakeFiles/main_node.dir/src/main.cpp.o] Error 1
gmake[1]: *** [CMakeFiles/Makefile2:139: CMakeFiles/main_node.dir/all] Error 2
gmake: *** [Makefile:146: all] Error 2
