-- Found ament_cmake: 1.3.10 (/opt/ros/humble/share/ament_cmake/cmake)
-- Found rclcpp: 16.0.10 (/opt/ros/humble/share/rclcpp/cmake)
-- Found rosidl_generator_c: 3.1.5 (/opt/ros/humble/share/rosidl_generator_c/cmake)
-- Found rosidl_adapter: 3.1.5 (/opt/ros/humble/share/rosidl_adapter/cmake)
-- Found rosidl_generator_cpp: 3.1.5 (/opt/ros/humble/share/rosidl_generator_cpp/cmake)
-- Using all available rosidl_typesupport_c: rosidl_typesupport_fastrtps_c;rosidl_typesupport_introspection_c
-- Using all available rosidl_typesupport_cpp: rosidl_typesupport_fastrtps_cpp;rosidl_typesupport_introspection_cpp
-- Found rmw_implementation_cmake: 6.1.2 (/opt/ros/humble/share/rmw_implementation_cmake/cmake)
-- Found rmw_fastrtps_cpp: 6.2.7 (/opt/ros/humble/share/rmw_fastrtps_cpp/cmake)
-- Using RMW implementation 'rmw_fastrtps_cpp' as default
-- Found basic_navigation: 0.0.0 (/home/fourfold/dev/inmind_final_project_test/workspace/install/basic_navigation/share/basic_navigation/cmake)
-- Found yellow_ball_finder: 0.0.0 (/home/fourfold/dev/inmind_final_project_test/workspace/install/yellow_ball_finder/share/yellow_ball_finder/cmake)
-- Found sensor_msgs: 4.2.4 (/opt/ros/humble/share/sensor_msgs/cmake)
-- Found cv_bridge: 3.2.1 (/opt/ros/humble/share/cv_bridge/cmake)
-- Found ament_lint_auto: 0.12.11 (/opt/ros/humble/share/ament_lint_auto/cmake)
-- Added test 'cppcheck' to perform static code analysis on C / C++ code
-- Configured cppcheck include dirs: /home/fourfold/dev/inmind_final_project_test/workspace/src/main/main/include
-- Configured cppcheck exclude dirs and/or files: 
-- Added test 'lint_cmake' to check CMake code style
-- Added test 'uncrustify' to check C / C++ code style
-- Configured uncrustify additional arguments: 
-- Added test 'xmllint' to check XML markup files
-- Configuring done
-- Generating done
-- Build files have been written to: /home/fourfold/dev/inmind_final_project_test/workspace/build/main
[35m[1mConsolidate compiler generated dependencies of target test_node[0m
[35m[1mConsolidate compiler generated dependencies of target main_node[0m
[ 50%] Built target test_node
[ 75%] [32mBuilding CXX object CMakeFiles/main_node.dir/src/main.cpp.o[0m
In file included from [01m[K/home/fourfold/dev/inmind_final_project_test/workspace/src/main/main/src/main.cpp:4[m[K:
[01m[K/home/fourfold/dev/inmind_final_project_test/workspace/install/yellow_ball_finder/include/yellow_ball_finder/find_yellow_ball.h:[m[K In member function â€˜[01m[Kvirtual BT::NodeStatus FindYellowBall::tick()[m[Kâ€™:
[01m[K/home/fourfold/dev/inmind_final_project_test/workspace/install/yellow_ball_finder/include/yellow_ball_finder/find_yellow_ball.h:23:13:[m[K [01;31m[Kerror: [m[Kâ€˜[01m[Kcv_ptr[m[Kâ€™ was not declared in this scope; did you mean â€˜[01m[Ksi_ptr[m[Kâ€™?
   23 |         if ([01;31m[Kcv_ptr[m[K == nullptr) {
      |             [01;31m[K^~~~~~[m[K
      |             [32m[Ksi_ptr[m[K
[01m[K/home/fourfold/dev/inmind_final_project_test/workspace/install/yellow_ball_finder/include/yellow_ball_finder/find_yellow_ball.h:28:24:[m[K [01;31m[Kerror: [m[Kâ€˜[01m[Kcv_ptr[m[Kâ€™ was not declared in this scope; did you mean â€˜[01m[Ksi_ptr[m[Kâ€™?
   28 |         frame_width_ = [01;31m[Kcv_ptr[m[K->image.cols;
      |                        [01;31m[K^~~~~~[m[K
      |                        [32m[Ksi_ptr[m[K
[01m[K/home/fourfold/dev/inmind_final_project_test/workspace/src/main/main/src/main.cpp:[m[K In constructor â€˜[01m[KMainNode::MainNode()[m[Kâ€™:
[01m[K/home/fourfold/dev/inmind_final_project_test/workspace/src/main/main/src/main.cpp:22:24:[m[K [01;35m[Kwarning: [m[Kunused variable â€˜[01m[Kstatus[m[Kâ€™ [[01;35m[K]8;;https://gcc.gnu.org/onlinedocs/gcc/Warning-Options.html#index-Wunused-variable-Wunused-variable]8;;[m[K]
   22 |         BT::NodeStatus [01;35m[Kstatus[m[K = tree.tickRoot();
      |                        [01;35m[K^~~~~~[m[K
gmake[2]: *** [CMakeFiles/main_node.dir/build.make:76: CMakeFiles/main_node.dir/src/main.cpp.o] Error 1
gmake[1]: *** [CMakeFiles/Makefile2:139: CMakeFiles/main_node.dir/all] Error 2
gmake: *** [Makefile:146: all] Error 2
