[0.007s] Invoking command in '/home/fourfold/dev/inmind_final_project_test/workspace/build/main': AMENT_PREFIX_PATH=/home/fourfold/dev/inmind_final_project_test/workspace/install/detection_interfaces:${AMENT_PREFIX_PATH} CMAKE_PREFIX_PATH=/home/fourfold/dev/inmind_final_project_test/workspace/install/yellow_ball_finder:/home/fourfold/dev/inmind_final_project_test/workspace/install/detection_interfaces:/home/fourfold/dev/inmind_final_project_test/workspace/install/basic_navigation:/home/fourfold/dev/inmind_final_project_test/workspace/install/main:/opt/ros/humble LD_LIBRARY_PATH=/home/fourfold/dev/inmind_final_project_test/workspace/install/detection_interfaces/lib:${LD_LIBRARY_PATH} PYTHONPATH=/home/fourfold/dev/inmind_final_project_test/workspace/install/detection_interfaces/local/lib/python3.10/dist-packages:${PYTHONPATH} /usr/bin/cmake --build /home/fourfold/dev/inmind_final_project_test/workspace/build/main -- -j16 -l16
[0.023s] -- Found ament_cmake: 1.3.10 (/opt/ros/humble/share/ament_cmake/cmake)
[0.109s] -- Found rclcpp: 16.0.10 (/opt/ros/humble/share/rclcpp/cmake)
[0.126s] -- Found rosidl_generator_c: 3.1.5 (/opt/ros/humble/share/rosidl_generator_c/cmake)
[0.128s] -- Found rosidl_adapter: 3.1.5 (/opt/ros/humble/share/rosidl_adapter/cmake)
[0.131s] -- Found rosidl_generator_cpp: 3.1.5 (/opt/ros/humble/share/rosidl_generator_cpp/cmake)
[0.137s] -- Using all available rosidl_typesupport_c: rosidl_typesupport_fastrtps_c;rosidl_typesupport_introspection_c
[0.145s] -- Using all available rosidl_typesupport_cpp: rosidl_typesupport_fastrtps_cpp;rosidl_typesupport_introspection_cpp
[0.167s] -- Found rmw_implementation_cmake: 6.1.2 (/opt/ros/humble/share/rmw_implementation_cmake/cmake)
[0.168s] -- Found rmw_fastrtps_cpp: 6.2.7 (/opt/ros/humble/share/rmw_fastrtps_cpp/cmake)
[0.241s] -- Using RMW implementation 'rmw_fastrtps_cpp' as default
[0.272s] -- Found basic_navigation: 0.0.0 (/home/fourfold/dev/inmind_final_project_test/workspace/install/basic_navigation/share/basic_navigation/cmake)
[0.273s] -- Found yellow_ball_finder: 0.0.0 (/home/fourfold/dev/inmind_final_project_test/workspace/install/yellow_ball_finder/share/yellow_ball_finder/cmake)
[0.273s] -- Found sensor_msgs: 4.2.4 (/opt/ros/humble/share/sensor_msgs/cmake)
[0.291s] -- Found cv_bridge: 3.2.1 (/opt/ros/humble/share/cv_bridge/cmake)
[0.301s] -- Found ament_lint_auto: 0.12.11 (/opt/ros/humble/share/ament_lint_auto/cmake)
[0.344s] -- Added test 'cppcheck' to perform static code analysis on C / C++ code
[0.344s] -- Configured cppcheck include dirs: /home/fourfold/dev/inmind_final_project_test/workspace/src/main/main/include
[0.344s] -- Configured cppcheck exclude dirs and/or files: 
[0.344s] -- Added test 'lint_cmake' to check CMake code style
[0.345s] -- Added test 'uncrustify' to check C / C++ code style
[0.345s] -- Configured uncrustify additional arguments: 
[0.345s] -- Added test 'xmllint' to check XML markup files
[0.345s] -- Configuring done
[0.354s] -- Generating done
[0.355s] -- Build files have been written to: /home/fourfold/dev/inmind_final_project_test/workspace/build/main
[0.373s] [35m[1mConsolidate compiler generated dependencies of target test_node[0m
[0.374s] [35m[1mConsolidate compiler generated dependencies of target main_node[0m
[0.383s] [ 50%] Built target test_node
[0.386s] [ 75%] [32mBuilding CXX object CMakeFiles/main_node.dir/src/main.cpp.o[0m
[2.238s] In file included from [01m[K/home/fourfold/dev/inmind_final_project_test/workspace/src/main/main/src/main.cpp:4[m[K:
[2.238s] [01m[K/home/fourfold/dev/inmind_final_project_test/workspace/install/yellow_ball_finder/include/yellow_ball_finder/find_yellow_ball.h:[m[K In member function â€˜[01m[Kvirtual BT::NodeStatus FindYellowBall::tick()[m[Kâ€™:
[2.238s] [01m[K/home/fourfold/dev/inmind_final_project_test/workspace/install/yellow_ball_finder/include/yellow_ball_finder/find_yellow_ball.h:23:13:[m[K [01;31m[Kerror: [m[Kâ€˜[01m[Kcv_ptr[m[Kâ€™ was not declared in this scope; did you mean â€˜[01m[Ksi_ptr[m[Kâ€™?
[2.238s]    23 |         if ([01;31m[Kcv_ptr[m[K == nullptr) {
[2.238s]       |             [01;31m[K^~~~~~[m[K
[2.238s]       |             [32m[Ksi_ptr[m[K
[2.243s] [01m[K/home/fourfold/dev/inmind_final_project_test/workspace/install/yellow_ball_finder/include/yellow_ball_finder/find_yellow_ball.h:28:24:[m[K [01;31m[Kerror: [m[Kâ€˜[01m[Kcv_ptr[m[Kâ€™ was not declared in this scope; did you mean â€˜[01m[Ksi_ptr[m[Kâ€™?
[2.243s]    28 |         frame_width_ = [01;31m[Kcv_ptr[m[K->image.cols;
[2.243s]       |                        [01;31m[K^~~~~~[m[K
[2.243s]       |                        [32m[Ksi_ptr[m[K
[2.277s] [01m[K/home/fourfold/dev/inmind_final_project_test/workspace/src/main/main/src/main.cpp:[m[K In constructor â€˜[01m[KMainNode::MainNode()[m[Kâ€™:
[2.277s] [01m[K/home/fourfold/dev/inmind_final_project_test/workspace/src/main/main/src/main.cpp:22:24:[m[K [01;35m[Kwarning: [m[Kunused variable â€˜[01m[Kstatus[m[Kâ€™ [[01;35m[K]8;;https://gcc.gnu.org/onlinedocs/gcc/Warning-Options.html#index-Wunused-variable-Wunused-variable]8;;[m[K]
[2.277s]    22 |         BT::NodeStatus [01;35m[Kstatus[m[K = tree.tickRoot();
[2.277s]       |                        [01;35m[K^~~~~~[m[K
[3.341s] gmake[2]: *** [CMakeFiles/main_node.dir/build.make:76: CMakeFiles/main_node.dir/src/main.cpp.o] Error 1
[3.341s] gmake[1]: *** [CMakeFiles/Makefile2:139: CMakeFiles/main_node.dir/all] Error 2
[3.342s] gmake: *** [Makefile:146: all] Error 2
[3.343s] Invoked command in '/home/fourfold/dev/inmind_final_project_test/workspace/build/main' returned '2': AMENT_PREFIX_PATH=/home/fourfold/dev/inmind_final_project_test/workspace/install/detection_interfaces:${AMENT_PREFIX_PATH} CMAKE_PREFIX_PATH=/home/fourfold/dev/inmind_final_project_test/workspace/install/yellow_ball_finder:/home/fourfold/dev/inmind_final_project_test/workspace/install/detection_interfaces:/home/fourfold/dev/inmind_final_project_test/workspace/install/basic_navigation:/home/fourfold/dev/inmind_final_project_test/workspace/install/main:/opt/ros/humble LD_LIBRARY_PATH=/home/fourfold/dev/inmind_final_project_test/workspace/install/detection_interfaces/lib:${LD_LIBRARY_PATH} PYTHONPATH=/home/fourfold/dev/inmind_final_project_test/workspace/install/detection_interfaces/local/lib/python3.10/dist-packages:${PYTHONPATH} /usr/bin/cmake --build /home/fourfold/dev/inmind_final_project_test/workspace/build/main -- -j16 -l16
