[0.008s] Invoking command in '/home/fourfold/dev/inmind_final_project_test/workspace/build/yellow_ball_finder': CMAKE_PREFIX_PATH=${CMAKE_PREFIX_PATH}:/opt/ros/humble /usr/bin/cmake --build /home/fourfold/dev/inmind_final_project_test/workspace/build/yellow_ball_finder -- -j16 -l16
[0.023s] -- Found ament_cmake: 1.3.10 (/opt/ros/humble/share/ament_cmake/cmake)
[0.102s] -- Found rclcpp: 16.0.10 (/opt/ros/humble/share/rclcpp/cmake)
[0.119s] -- Found rosidl_generator_c: 3.1.5 (/opt/ros/humble/share/rosidl_generator_c/cmake)
[0.121s] -- Found rosidl_adapter: 3.1.5 (/opt/ros/humble/share/rosidl_adapter/cmake)
[0.124s] -- Found rosidl_generator_cpp: 3.1.5 (/opt/ros/humble/share/rosidl_generator_cpp/cmake)
[0.131s] -- Using all available rosidl_typesupport_c: rosidl_typesupport_fastrtps_c;rosidl_typesupport_introspection_c
[0.137s] -- Using all available rosidl_typesupport_cpp: rosidl_typesupport_fastrtps_cpp;rosidl_typesupport_introspection_cpp
[0.155s] -- Found rmw_implementation_cmake: 6.1.2 (/opt/ros/humble/share/rmw_implementation_cmake/cmake)
[0.155s] -- Found rmw_fastrtps_cpp: 6.2.7 (/opt/ros/humble/share/rmw_fastrtps_cpp/cmake)
[0.215s] -- Using RMW implementation 'rmw_fastrtps_cpp' as default
[0.242s] -- Found sensor_msgs: 4.2.4 (/opt/ros/humble/share/sensor_msgs/cmake)
[0.258s] -- Found cv_bridge: 3.2.1 (/opt/ros/humble/share/cv_bridge/cmake)
[0.268s] -- Found rosidl_default_generators: 1.2.0 (/opt/ros/humble/share/rosidl_default_generators/cmake)
[0.446s] -- Found ament_cmake_ros: 0.10.0 (/opt/ros/humble/share/ament_cmake_ros/cmake)
[0.646s] -- Using all available rosidl_typesupport_c: rosidl_typesupport_fastrtps_c;rosidl_typesupport_introspection_c
[0.733s] -- Using all available rosidl_typesupport_cpp: rosidl_typesupport_fastrtps_cpp;rosidl_typesupport_introspection_cpp
[0.749s] -- Found python_cmake_module: 0.10.0 (/opt/ros/humble/share/python_cmake_module/cmake)
[0.765s] -- Using PYTHON_EXECUTABLE: /usr/bin/python3
[0.765s] -- Using PYTHON_INCLUDE_DIRS: /usr/include/python3.10
[0.765s] -- Using PYTHON_LIBRARIES: /usr/lib/x86_64-linux-gnu/libpython3.10.so
[0.775s] -- Found ament_lint_auto: 0.12.11 (/opt/ros/humble/share/ament_lint_auto/cmake)
[0.782s] -- Added test 'cppcheck' to perform static code analysis on C / C++ code
[0.783s] -- Configured cppcheck include dirs: /home/fourfold/dev/inmind_final_project_test/workspace/src/perception/yellow_ball_finder/include
[0.783s] -- Configured cppcheck exclude dirs and/or files: 
[0.784s] -- Added test 'flake8' to check Python code syntax and style conventions
[0.785s] -- Added test 'lint_cmake' to check CMake code style
[0.785s] -- Added test 'pep257' to check Python code against some of the docstring style conventions in PEP 257
[0.789s] -- Added test 'uncrustify' to check C / C++ code style
[0.789s] -- Configured uncrustify additional arguments: 
[0.789s] -- Added test 'xmllint' to check XML markup files
[0.790s] -- Configuring done
[0.813s] -- Generating done
[0.816s] -- Build files have been written to: /home/fourfold/dev/inmind_final_project_test/workspace/build/yellow_ball_finder
[0.837s] [  2%] [34m[1mGenerating C code for ROS interfaces[0m
[0.837s] [35m[1mConsolidate compiler generated dependencies of target yellow_sphere_finder[0m
[0.842s] [  5%] [32mBuilding CXX object CMakeFiles/yellow_ball_action_server.dir/src/yellow_ball_action_server.cpp.o[0m
[0.843s] [  8%] [34m[1mGenerating C++ code for ROS interfaces[0m
[0.846s] [ 11%] Built target ament_cmake_python_copy_yellow_ball_finder
[0.846s] [ 11%] [32mBuilding CXX object CMakeFiles/yellow_sphere_finder.dir/src/yellow_ball_follower.cpp.o[0m
[0.969s] In file included from [01m[K/home/fourfold/dev/inmind_final_project_test/workspace/src/perception/yellow_ball_finder/src/yellow_ball_action_server.cpp:1[m[K:
[0.969s] [01m[K/home/fourfold/dev/inmind_final_project_test/workspace/src/perception/yellow_ball_finder/include/yellow_ball_finder/yellow_ball_action_server.h:8:10:[m[K [01;31m[Kfatal error: [m[Krclcpp_action/rclcpp_action.hpp: No such file or directory
[0.969s]     8 | #include [01;31m[K"rclcpp_action/rclcpp_action.hpp"[m[K
[0.969s]       |          [01;31m[K^~~~~~~~~~~~~~~~~~~~~~~~~~~~~~~~~[m[K
[0.969s] compilation terminated.
[0.970s] gmake[2]: *** [CMakeFiles/yellow_ball_action_server.dir/build.make:76: CMakeFiles/yellow_ball_action_server.dir/src/yellow_ball_action_server.cpp.o] Error 1
[0.971s] gmake[1]: *** [CMakeFiles/Makefile2:210: CMakeFiles/yellow_ball_action_server.dir/all] Error 2
[0.971s] gmake[1]: *** Waiting for unfinished jobs....
[0.995s] running egg_info
[0.995s] creating yellow_ball_finder.egg-info
[0.996s] writing yellow_ball_finder.egg-info/PKG-INFO
[0.996s] writing dependency_links to yellow_ball_finder.egg-info/dependency_links.txt
[0.996s] writing top-level names to yellow_ball_finder.egg-info/top_level.txt
[0.996s] writing manifest file 'yellow_ball_finder.egg-info/SOURCES.txt'
[0.997s] reading manifest file 'yellow_ball_finder.egg-info/SOURCES.txt'
[0.998s] writing manifest file 'yellow_ball_finder.egg-info/SOURCES.txt'
[1.016s] [ 11%] Built target ament_cmake_python_build_yellow_ball_finder_egg
[1.100s] [ 11%] Built target yellow_ball_finder__cpp
[1.105s] [ 14%] [32mBuilding C object CMakeFiles/yellow_ball_finder__rosidl_generator_c.dir/rosidl_generator_c/yellow_ball_finder/action/detail/find_yellow__functions.c.o[0m
[1.197s] [ 17%] [32m[1mLinking C shared library libyellow_ball_finder__rosidl_generator_c.so[0m
[1.225s] [ 17%] Built target yellow_ball_finder__rosidl_generator_c
[6.450s] [ 20%] [32m[1mLinking CXX executable yellow_sphere_finder[0m
[6.857s] [ 20%] Built target yellow_sphere_finder
[6.858s] gmake: *** [Makefile:146: all] Error 2
[6.860s] Invoked command in '/home/fourfold/dev/inmind_final_project_test/workspace/build/yellow_ball_finder' returned '2': CMAKE_PREFIX_PATH=${CMAKE_PREFIX_PATH}:/opt/ros/humble /usr/bin/cmake --build /home/fourfold/dev/inmind_final_project_test/workspace/build/yellow_ball_finder -- -j16 -l16
