[35m[1mConsolidate compiler generated dependencies of target yellow_sphere_finder[0m
[ 25%] [32mBuilding CXX object CMakeFiles/yellow_ball_action_server.dir/src/yellow_ball_action_server.cpp.o[0m
[ 75%] Built target yellow_sphere_finder
In file included from [01m[K/home/fourfold/dev/inmind_final_project_test/workspace/src/perception/yellow_ball_finder/src/yellow_ball_action_server.cpp:1[m[K:
[01m[K/home/fourfold/dev/inmind_final_project_test/workspace/src/perception/yellow_ball_finder/include/yellow_ball_finder/yellow_ball_action_server.h:10:10:[m[K [01;31m[Kfatal error: [m[Knav_msgs/msg/odometry.hpp: No such file or directory
   10 | #include [01;31m[K"nav_msgs/msg/odometry.hpp"[m[K
      |          [01;31m[K^~~~~~~~~~~~~~~~~~~~~~~~~~~[m[K
compilation terminated.
gmake[2]: *** [CMakeFiles/yellow_ball_action_server.dir/build.make:76: CMakeFiles/yellow_ball_action_server.dir/src/yellow_ball_action_server.cpp.o] Error 1
gmake[1]: *** [CMakeFiles/Makefile2:165: CMakeFiles/yellow_ball_action_server.dir/all] Error 2
gmake: *** [Makefile:146: all] Error 2
