[0.008s] Invoking command in '/home/fourfold/dev/inmind_final_project_test/workspace/build/main': AMENT_PREFIX_PATH=/home/fourfold/dev/inmind_final_project_test/workspace/install/detection_interfaces:${AMENT_PREFIX_PATH} CMAKE_PREFIX_PATH=/home/fourfold/dev/inmind_final_project_test/workspace/install/yellow_ball_finder:/home/fourfold/dev/inmind_final_project_test/workspace/install/detection_interfaces:/home/fourfold/dev/inmind_final_project_test/workspace/install/basic_navigation:/home/fourfold/dev/inmind_final_project_test/workspace/install/main:/opt/ros/humble LD_LIBRARY_PATH=/home/fourfold/dev/inmind_final_project_test/workspace/install/detection_interfaces/lib:${LD_LIBRARY_PATH} PYTHONPATH=/home/fourfold/dev/inmind_final_project_test/workspace/install/detection_interfaces/local/lib/python3.10/dist-packages:${PYTHONPATH} /usr/bin/cmake --build /home/fourfold/dev/inmind_final_project_test/workspace/build/main -- -j16 -l16
[0.022s] -- Found ament_cmake: 1.3.10 (/opt/ros/humble/share/ament_cmake/cmake)
[0.104s] -- Found rclcpp: 16.0.10 (/opt/ros/humble/share/rclcpp/cmake)
[0.122s] -- Found rosidl_generator_c: 3.1.5 (/opt/ros/humble/share/rosidl_generator_c/cmake)
[0.123s] -- Found rosidl_adapter: 3.1.5 (/opt/ros/humble/share/rosidl_adapter/cmake)
[0.126s] -- Found rosidl_generator_cpp: 3.1.5 (/opt/ros/humble/share/rosidl_generator_cpp/cmake)
[0.131s] -- Using all available rosidl_typesupport_c: rosidl_typesupport_fastrtps_c;rosidl_typesupport_introspection_c
[0.138s] -- Using all available rosidl_typesupport_cpp: rosidl_typesupport_fastrtps_cpp;rosidl_typesupport_introspection_cpp
[0.155s] -- Found rmw_implementation_cmake: 6.1.2 (/opt/ros/humble/share/rmw_implementation_cmake/cmake)
[0.156s] -- Found rmw_fastrtps_cpp: 6.2.7 (/opt/ros/humble/share/rmw_fastrtps_cpp/cmake)
[0.219s] -- Using RMW implementation 'rmw_fastrtps_cpp' as default
[0.249s] -- Found basic_navigation: 0.0.0 (/home/fourfold/dev/inmind_final_project_test/workspace/install/basic_navigation/share/basic_navigation/cmake)
[0.249s] -- Found yellow_ball_finder: 0.0.0 (/home/fourfold/dev/inmind_final_project_test/workspace/install/yellow_ball_finder/share/yellow_ball_finder/cmake)
[0.250s] -- Found sensor_msgs: 4.2.4 (/opt/ros/humble/share/sensor_msgs/cmake)
[0.267s] -- Found cv_bridge: 3.2.1 (/opt/ros/humble/share/cv_bridge/cmake)
[0.274s] -- Found detection_interfaces: 0.0.0 (/home/fourfold/dev/inmind_final_project_test/workspace/install/detection_interfaces/share/detection_interfaces/cmake)
[0.301s] -- Found ament_lint_auto: 0.12.11 (/opt/ros/humble/share/ament_lint_auto/cmake)
[0.341s] -- Added test 'cppcheck' to perform static code analysis on C / C++ code
[0.341s] -- Configured cppcheck include dirs: /home/fourfold/dev/inmind_final_project_test/workspace/src/main/main/include
[0.341s] -- Configured cppcheck exclude dirs and/or files: 
[0.342s] -- Added test 'lint_cmake' to check CMake code style
[0.342s] -- Added test 'uncrustify' to check C / C++ code style
[0.342s] -- Configured uncrustify additional arguments: 
[0.342s] -- Added test 'xmllint' to check XML markup files
[0.343s] -- Configuring done
[0.352s] -- Generating done
[0.352s] -- Build files have been written to: /home/fourfold/dev/inmind_final_project_test/workspace/build/main
[0.370s] [35m[1mConsolidate compiler generated dependencies of target test_node[0m
[0.371s] [35m[1mConsolidate compiler generated dependencies of target main_node[0m
[0.380s] [ 50%] Built target test_node
[0.384s] [ 75%] [32mBuilding CXX object CMakeFiles/main_node.dir/src/main.cpp.o[0m
[2.242s] In file included from [01m[K/home/fourfold/dev/inmind_final_project_test/workspace/src/main/main/src/main.cpp:4[m[K:
[2.242s] [01m[K/home/fourfold/dev/inmind_final_project_test/workspace/install/yellow_ball_finder/include/yellow_ball_finder/find_yellow_ball.h:53:39:[m[K [01;31m[Kerror: [m[Kâ€˜[01m[KGoalHandleMeasureLapTime[m[Kâ€™ does not name a type
[2.242s]    53 |     void goal_response_callback(const [01;31m[KGoalHandleMeasureLapTime[m[K::SharedPtr & goal_handle) {
[2.242s]       |                                       [01;31m[K^~~~~~~~~~~~~~~~~~~~~~~~[m[K
[2.242s] [01m[K/home/fourfold/dev/inmind_final_project_test/workspace/install/yellow_ball_finder/include/yellow_ball_finder/find_yellow_ball.h:53:75:[m[K [01;31m[Kerror: [m[Kexpected unqualified-id before â€˜[01m[K&[m[Kâ€™ token
[2.242s]    53 | response_callback(const GoalHandleMeasureLapTime::SharedPtr [01;31m[K&[m[K goal_handle) {
[2.242s]       |                                                             [01;31m[K^[m[K
[2.242s] 
[2.242s] [01m[K/home/fourfold/dev/inmind_final_project_test/workspace/install/yellow_ball_finder/include/yellow_ball_finder/find_yellow_ball.h:53:74:[m[K [01;31m[Kerror: [m[Kexpected â€˜[01m[K)[m[Kâ€™ before â€˜[01m[K&[m[Kâ€™ token
[2.242s]    53 | _response_callback[34m[K([m[Kconst GoalHandleMeasureLapTime::SharedPtr[01;31m[K [m[K[32m[K&[m[K goal_handle) {
[2.242s]       |                   [34m[K~[m[K                                         [01;31m[K^[m[K[32m[K~[m[K
[2.242s]       |                                                             [32m[K)[m[K
[2.242s] [01m[K/home/fourfold/dev/inmind_final_project_test/workspace/install/yellow_ball_finder/include/yellow_ball_finder/find_yellow_ball.h:53:75:[m[K [01;31m[Kerror: [m[Kexpected â€˜[01m[K;[m[Kâ€™ at end of member declaration
[2.242s]    53 | response_callback(const GoalHandleMeasureLapTime::SharedPtr [01;31m[K&[m[K goal_handle) {
[2.242s]       |                                                             [01;31m[K^[m[K
[2.242s]       |                                                              [32m[K;[m[K
[2.243s] [01m[K/home/fourfold/dev/inmind_final_project_test/workspace/install/yellow_ball_finder/include/yellow_ball_finder/find_yellow_ball.h:53:77:[m[K [01;31m[Kerror: [m[Kâ€˜[01m[Kgoal_handle[m[Kâ€™ does not name a type
[2.244s]    53 | sponse_callback(const GoalHandleMeasureLapTime::SharedPtr & [01;31m[Kgoal_handle[m[K) {
[2.244s]       |                                                             [01;31m[K^~~~~~~~~~~[m[K
[2.244s] 
[2.244s] In file included from [01m[K/home/fourfold/dev/inmind_final_project_test/workspace/src/main/main/src/main.cpp:4[m[K:
[2.244s] [01m[K/home/fourfold/dev/inmind_final_project_test/workspace/install/yellow_ball_finder/include/yellow_ball_finder/find_yellow_ball.h:62:9:[m[K [01;31m[Kerror: [m[Kâ€˜[01m[KGoalHandleMeasureLapTime[m[Kâ€™ has not been declared
[2.244s]    62 |         [01;31m[KGoalHandleMeasureLapTime[m[K::SharedPtr,
[2.244s]       |         [01;31m[K^~~~~~~~~~~~~~~~~~~~~~~~[m[K
[2.244s] [01m[K/home/fourfold/dev/inmind_final_project_test/workspace/install/yellow_ball_finder/include/yellow_ball_finder/find_yellow_ball.h:63:51:[m[K [01;31m[Kerror: [m[KISO C++ forbids declaration of â€˜[01m[Ktype name[m[Kâ€™ with no type [[01;31m[K]8;;https://gcc.gnu.org/onlinedocs/gcc/Warning-Options.html#index-fpermissive-fpermissive]8;;[m[K]
[2.244s]    63 |         const std::shared_ptr<const MeasureLapTime[01;31m[K::[m[KFeedback> feedback
[2.244s]       |                                                   [01;31m[K^~[m[K
[2.244s] [01m[K/home/fourfold/dev/inmind_final_project_test/workspace/install/yellow_ball_finder/include/yellow_ball_finder/find_yellow_ball.h:63:61:[m[K [01;31m[Kerror: [m[Ktemplate argument 1 is invalid
[2.244s]    63 |         const std::shared_ptr<const MeasureLapTime::Feedback[01;31m[K>[m[K feedback
[2.244s]       |                                                             [01;31m[K^[m[K
[2.244s] [01m[K/home/fourfold/dev/inmind_final_project_test/workspace/install/yellow_ball_finder/include/yellow_ball_finder/find_yellow_ball.h:63:51:[m[K [01;31m[Kerror: [m[KISO C++ forbids declaration of â€˜[01m[Ktype name[m[Kâ€™ with no type [[01;31m[K]8;;https://gcc.gnu.org/onlinedocs/gcc/Warning-Options.html#index-fpermissive-fpermissive]8;;[m[K]
[2.244s]    63 |         const std::shared_ptr<const MeasureLapTime[01;31m[K::[m[KFeedback> feedback
[2.244s]       |                                                   [01;31m[K^~[m[K
[2.244s] [01m[K/home/fourfold/dev/inmind_final_project_test/workspace/install/yellow_ball_finder/include/yellow_ball_finder/find_yellow_ball.h:63:61:[m[K [01;31m[Kerror: [m[Ktemplate argument 1 is invalid
[2.245s]    63 |         const std::shared_ptr<const MeasureLapTime::Feedback[01;31m[K>[m[K feedback
[2.245s]       |                                                             [01;31m[K^[m[K
[2.245s] [01m[K/home/fourfold/dev/inmind_final_project_test/workspace/install/yellow_ball_finder/include/yellow_ball_finder/find_yellow_ball.h:63:51:[m[K [01;31m[Kerror: [m[KISO C++ forbids declaration of â€˜[01m[Ktype name[m[Kâ€™ with no type [[01;31m[K]8;;https://gcc.gnu.org/onlinedocs/gcc/Warning-Options.html#index-fpermissive-fpermissive]8;;[m[K]
[2.245s]    63 |         const std::shared_ptr<const MeasureLapTime[01;31m[K::[m[KFeedback> feedback
[2.245s]       |                                                   [01;31m[K^~[m[K
[2.245s] [01m[K/home/fourfold/dev/inmind_final_project_test/workspace/install/yellow_ball_finder/include/yellow_ball_finder/find_yellow_ball.h:63:61:[m[K [01;31m[Kerror: [m[Ktemplate argument 1 is invalid
[2.245s]    63 |         const std::shared_ptr<const MeasureLapTime::Feedback[01;31m[K>[m[K feedback
[2.245s]       |                                                             [01;31m[K^[m[K
[2.245s] [01m[K/home/fourfold/dev/inmind_final_project_test/workspace/install/yellow_ball_finder/include/yellow_ball_finder/find_yellow_ball.h:63:15:[m[K [01;31m[Kerror: [m[Kinvalid template-id
[2.245s]    63 |         const [01;31m[Kstd[m[K::shared_ptr<const MeasureLapTime::Feedback> feedback
[2.245s]       |               [01;31m[K^~~[m[K
[2.245s] [01m[K/home/fourfold/dev/inmind_final_project_test/workspace/install/yellow_ball_finder/include/yellow_ball_finder/find_yellow_ball.h:63:51:[m[K [01;31m[Kerror: [m[KISO C++ forbids declaration of â€˜[01m[Ktype name[m[Kâ€™ with no type [[01;31m[K]8;;https://gcc.gnu.org/onlinedocs/gcc/Warning-Options.html#index-fpermissive-fpermissive]8;;[m[K]
[2.245s]    63 |         const std::shared_ptr<const MeasureLapTime[01;31m[K::[m[KFeedback> feedback
[2.245s]       |                                                   [01;31m[K^~[m[K
[2.245s] [01m[K/home/fourfold/dev/inmind_final_project_test/workspace/install/yellow_ball_finder/include/yellow_ball_finder/find_yellow_ball.h:63:31:[m[K [01;31m[Kerror: [m[Kexpected primary-expression before â€˜[01m[Kconst[m[Kâ€™
[2.245s]    63 |         const std::shared_ptr<[01;31m[Kconst[m[K MeasureLapTime::Feedback> feedback
[2.245s]       |                               [01;31m[K^~~~~[m[K
[2.245s] [01m[K/home/fourfold/dev/inmind_final_project_test/workspace/install/yellow_ball_finder/include/yellow_ball_finder/find_yellow_ball.h:63:31:[m[K [01;31m[Kerror: [m[Kexpected â€˜[01m[K>[m[Kâ€™ before â€˜[01m[Kconst[m[Kâ€™
[2.245s] [01m[K/home/fourfold/dev/inmind_final_project_test/workspace/install/yellow_ball_finder/include/yellow_ball_finder/find_yellow_ball.h:63:9:[m[K [01;31m[Kerror: [m[Kclass template placeholder â€˜[01m[Kstd::shared_ptr[m[Kâ€™ not permitted in this context
[2.246s]    63 |         [01;31m[Kconst[m[K std::shared_ptr<const MeasureLapTime::Feedback> feedback
[2.246s]       |         [01;31m[K^~~~~[m[K
[2.247s] [01m[K/home/fourfold/dev/inmind_final_project_test/workspace/install/yellow_ball_finder/include/yellow_ball_finder/find_yellow_ball.h:66:32:[m[K [01;31m[Kerror: [m[Kâ€˜[01m[KGoalHandleMeasureLapTime[m[Kâ€™ does not name a type
[2.247s]    66 |     void result_callback(const [01;31m[KGoalHandleMeasureLapTime[m[K::WrappedResult & result) {
[2.247s]       |                                [01;31m[K^~~~~~~~~~~~~~~~~~~~~~~~[m[K
[2.247s] [01m[K/home/fourfold/dev/inmind_final_project_test/workspace/install/yellow_ball_finder/include/yellow_ball_finder/find_yellow_ball.h:66:72:[m[K [01;31m[Kerror: [m[Kexpected unqualified-id before â€˜[01m[K&[m[Kâ€™ token
[2.247s]    66 | sult_callback(const GoalHandleMeasureLapTime::WrappedResult [01;31m[K&[m[K result) {
[2.247s]       |                                                             [01;31m[K^[m[K
[2.247s] 
[2.247s] [01m[K/home/fourfold/dev/inmind_final_project_test/workspace/install/yellow_ball_finder/include/yellow_ball_finder/find_yellow_ball.h:66:71:[m[K [01;31m[Kerror: [m[Kexpected â€˜[01m[K)[m[Kâ€™ before â€˜[01m[K&[m[Kâ€™ token
[2.247s]    66 | esult_callback[34m[K([m[Kconst GoalHandleMeasureLapTime::WrappedResult[01;31m[K [m[K[32m[K&[m[K result) {
[2.247s]       |               [34m[K~[m[K                                             [01;31m[K^[m[K[32m[K~[m[K
[2.247s]       |                                                             [32m[K)[m[K
[2.247s] [01m[K/home/fourfold/dev/inmind_final_project_test/workspace/install/yellow_ball_finder/include/yellow_ball_finder/find_yellow_ball.h:66:72:[m[K [01;31m[Kerror: [m[Kexpected â€˜[01m[K;[m[Kâ€™ at end of member declaration
[2.247s]    66 | sult_callback(const GoalHandleMeasureLapTime::WrappedResult [01;31m[K&[m[K result) {
[2.248s]       |                                                             [01;31m[K^[m[K
[2.248s]       |                                                              [32m[K;[m[K
[2.248s] [01m[K/home/fourfold/dev/inmind_final_project_test/workspace/install/yellow_ball_finder/include/yellow_ball_finder/find_yellow_ball.h:66:74:[m[K [01;31m[Kerror: [m[Kâ€˜[01m[Kresult[m[Kâ€™ does not name a type
[2.248s]    66 | sult_callback(const GoalHandleMeasureLapTime::WrappedResult & [01;31m[Kresult[m[K) {
[2.248s]       |                                                               [01;31m[K^~~~~~[m[K
[2.248s] 
[2.250s] [01m[K/home/fourfold/dev/inmind_final_project_test/workspace/install/yellow_ball_finder/include/yellow_ball_finder/find_yellow_ball.h:83:5:[m[K [01;31m[Kerror: [m[Kâ€˜[01m[Krclcpp_action[m[Kâ€™ does not name a type
[2.250s]    83 |     [01;31m[Krclcpp_action[m[K::Client<MeasureLapTime>::SharedPtr action_client;
[2.250s]       |     [01;31m[K^~~~~~~~~~~~~[m[K
[2.250s] In file included from [01m[K/home/fourfold/dev/inmind_final_project_test/workspace/src/main/main/src/main.cpp:4[m[K:
[2.250s] [01m[K/home/fourfold/dev/inmind_final_project_test/workspace/install/yellow_ball_finder/include/yellow_ball_finder/find_yellow_ball.h:[m[K In constructor â€˜[01m[KFindYellowBall::FindYellowBall(const string&)[m[Kâ€™:
[2.250s] [01m[K/home/fourfold/dev/inmind_final_project_test/workspace/install/yellow_ball_finder/include/yellow_ball_finder/find_yellow_ball.h:18:15:[m[K [01;31m[Kerror: [m[Kâ€˜[01m[Kclass FindYellowBall[m[Kâ€™ has no member named â€˜[01m[Kaction_client[m[Kâ€™
[2.250s]    18 |         this->[01;31m[Kaction_client[m[K = rclcpp_action::create_client<FindYellow>(
[2.250s]       |               [01;31m[K^~~~~~~~~~~~~[m[K
[2.250s] [01m[K/home/fourfold/dev/inmind_final_project_test/workspace/install/yellow_ball_finder/include/yellow_ball_finder/find_yellow_ball.h:18:31:[m[K [01;31m[Kerror: [m[Kâ€˜[01m[Krclcpp_action[m[Kâ€™ has not been declared
[2.250s]    18 |         this->action_client = [01;31m[Krclcpp_action[m[K::create_client<FindYellow>(
[2.251s]       |                               [01;31m[K^~~~~~~~~~~~~[m[K
[2.251s] [01m[K/home/fourfold/dev/inmind_final_project_test/workspace/install/yellow_ball_finder/include/yellow_ball_finder/find_yellow_ball.h:18:60:[m[K [01;31m[Kerror: [m[Kâ€˜[01m[KFindYellow[m[Kâ€™ was not declared in this scope; did you mean â€˜[01m[Kdetection_interfaces::action::FindYellow[m[Kâ€™?
[2.251s]    18 |         this->action_client = rclcpp_action::create_client<[01;31m[KFindYellow[m[K>(
[2.251s]       |                                                            [01;31m[K^~~~~~~~~~[m[K
[2.251s]       |                                                            [32m[Kdetection_interfaces::action::FindYellow[m[K
[2.251s] In file included from [01m[K/home/fourfold/dev/inmind_final_project_test/workspace/install/detection_interfaces/include/detection_interfaces/detection_interfaces/action/find_yellow.hpp:7[m[K,
[2.251s]                  from [01m[K/home/fourfold/dev/inmind_final_project_test/workspace/install/yellow_ball_finder/include/yellow_ball_finder/find_yellow_ball.h:11[m[K,
[2.251s]                  from [01m[K/home/fourfold/dev/inmind_final_project_test/workspace/src/main/main/src/main.cpp:4[m[K:
[2.251s] [01m[K/home/fourfold/dev/inmind_final_project_test/workspace/install/detection_interfaces/include/detection_interfaces/detection_interfaces/action/detail/find_yellow__struct.hpp:1071:27:[m[K [01;36m[Knote: [m[Kâ€˜[01m[Kdetection_interfaces::action::FindYellow[m[Kâ€™ declared here
[2.251s]  1071 | typedef struct FindYellow [01;36m[KFindYellow[m[K;
[2.251s]       |                           [01;36m[K^~~~~~~~~~[m[K
[2.251s] In file included from [01m[K/home/fourfold/dev/inmind_final_project_test/workspace/src/main/main/src/main.cpp:4[m[K:
[2.252s] [01m[K/home/fourfold/dev/inmind_final_project_test/workspace/install/yellow_ball_finder/include/yellow_ball_finder/find_yellow_ball.h:19:13:[m[K [01;35m[Kwarning: [m[Kleft operand of comma operator has no effect [[01;35m[K]8;;https://gcc.gnu.org/onlinedocs/gcc/Warning-Options.html#index-Wunused-value-Wunused-value]8;;[m[K]
[2.252s]    19 |             [01;35m[Kthis[m[K,
[2.252s]       |             [01;35m[K^~~~[m[K
[2.252s] [01m[K/home/fourfold/dev/inmind_final_project_test/workspace/install/yellow_ball_finder/include/yellow_ball_finder/find_yellow_ball.h:23:25:[m[K [01;31m[Kerror: [m[Kâ€˜[01m[KFindYellow[m[Kâ€™ is not a class, namespace, or enumeration
[2.252s]    23 |         auto goal_msg = [01;31m[KFindYellow[m[K::Goal();
[2.252s]       |                         [01;31m[K^~~~~~~~~~[m[K
[2.252s] [01m[K/home/fourfold/dev/inmind_final_project_test/workspace/install/yellow_ball_finder/include/yellow_ball_finder/find_yellow_ball.h:24:34:[m[K [01;31m[Kerror: [m[Kâ€˜[01m[Krclcpp_action[m[Kâ€™ has not been declared
[2.252s]    24 |         auto send_goal_options = [01;31m[Krclcpp_action[m[K::Client<FindYellow>::SendGoalOptions();
[2.252s]       |                                  [01;31m[K^~~~~~~~~~~~~[m[K
[2.258s] [01m[K/home/fourfold/dev/inmind_final_project_test/workspace/install/yellow_ball_finder/include/yellow_ball_finder/find_yellow_ball.h:24:69:[m[K [01;31m[Kerror: [m[Kâ€˜[01m[K::SendGoalOptions[m[Kâ€™ has not been declared; did you mean â€˜[01m[Ksend_goal_options[m[Kâ€™?
[2.258s]    24 | auto send_goal_options = rclcpp_action::Client<FindYellow>::[01;31m[KSendGoalOptions[m[K();
[2.258s]       |                                                             [01;31m[K^~~~~~~~~~~~~~~[m[K
[2.258s]       |                                                             [32m[Ksend_goal_options[m[K
[2.264s] [01m[K/home/fourfold/dev/inmind_final_project_test/workspace/install/yellow_ball_finder/include/yellow_ball_finder/find_yellow_ball.h:41:15:[m[K [01;31m[Kerror: [m[Kâ€˜[01m[Kclass FindYellowBall[m[Kâ€™ has no member named â€˜[01m[Kaction_client[m[Kâ€™
[2.264s]    41 |         this->[01;31m[Kaction_client[m[K->async_send_goal(goal_msg, send_goal_options);
[2.264s]       |               [01;31m[K^~~~~~~~~~~~~[m[K
[2.264s] [01m[K/home/fourfold/dev/inmind_final_project_test/workspace/install/yellow_ball_finder/include/yellow_ball_finder/find_yellow_ball.h:43:43:[m[K [01;31m[Kerror: [m[Kno matching function for call to â€˜[01m[Kspin_until_future_complete(FindYellowBall*)[m[Kâ€™
[2.264s]    43 |         [01;31m[Krclcpp::spin_until_future_complete(this)[m[K;
[2.264s]       |         [01;31m[K~~~~~~~~~~~~~~~~~~~~~~~~~~~~~~~~~~^~~~~~[m[K
[2.264s] In file included from [01m[K/opt/ros/humble/include/rclcpp/rclcpp/rclcpp.hpp:155[m[K,
[2.264s]                  from [01m[K/home/fourfold/dev/inmind_final_project_test/workspace/install/basic_navigation/include/basic_navigation/move_forward.h:5[m[K,
[2.264s]                  from [01m[K/home/fourfold/dev/inmind_final_project_test/workspace/src/main/main/src/main.cpp:1[m[K:
[2.264s] [01m[K/opt/ros/humble/include/rclcpp/rclcpp/executors.hpp:105:1:[m[K [01;36m[Knote: [m[Kcandidate: â€˜[01m[Ktemplate<class FutureT, class TimeRepT, class TimeT> rclcpp::FutureReturnCode rclcpp::spin_until_future_complete(rclcpp::node_interfaces::NodeBaseInterface::SharedPtr, const FutureT&, std::chrono::duration<_Rep, _Period>)[m[Kâ€™
[2.264s]   105 | [01;36m[Kspin_until_future_complete[m[K(
[2.264s]       | [01;36m[K^~~~~~~~~~~~~~~~~~~~~~~~~~[m[K
[2.264s] [01m[K/opt/ros/humble/include/rclcpp/rclcpp/executors.hpp:105:1:[m[K [01;36m[Knote: [m[K  template argument deduction/substitution failed:
[2.264s] In file included from [01m[K/home/fourfold/dev/inmind_final_project_test/workspace/src/main/main/src/main.cpp:4[m[K:
[2.264s] [01m[K/home/fourfold/dev/inmind_final_project_test/workspace/install/yellow_ball_finder/include/yellow_ball_finder/find_yellow_ball.h:43:43:[m[K [01;36m[Knote: [m[K  candidate expects 3 arguments, 1 provided
[2.264s]    43 |         [01;36m[Krclcpp::spin_until_future_complete(this)[m[K;
[2.264s]       |         [01;36m[K~~~~~~~~~~~~~~~~~~~~~~~~~~~~~~~~~~^~~~~~[m[K
[2.264s] In file included from [01m[K/opt/ros/humble/include/rclcpp/rclcpp/rclcpp.hpp:155[m[K,
[2.264s]                  from [01m[K/home/fourfold/dev/inmind_final_project_test/workspace/install/basic_navigation/include/basic_navigation/move_forward.h:5[m[K,
[2.264s]                  from [01m[K/home/fourfold/dev/inmind_final_project_test/workspace/src/main/main/src/main.cpp:1[m[K:
[2.264s] [01m[K/opt/ros/humble/include/rclcpp/rclcpp/executors.hpp:117:1:[m[K [01;36m[Knote: [m[Kcandidate: â€˜[01m[Ktemplate<class NodeT, class FutureT, class TimeRepT, class TimeT> rclcpp::FutureReturnCode rclcpp::spin_until_future_complete(std::shared_ptr<_Tp>, const FutureT&, std::chrono::duration<_Rep2, _Period2>)[m[Kâ€™
[2.264s]   117 | [01;36m[Kspin_until_future_complete[m[K(
[2.264s]       | [01;36m[K^~~~~~~~~~~~~~~~~~~~~~~~~~[m[K
[2.265s] [01m[K/opt/ros/humble/include/rclcpp/rclcpp/executors.hpp:117:1:[m[K [01;36m[Knote: [m[K  template argument deduction/substitution failed:
[2.265s] In file included from [01m[K/home/fourfold/dev/inmind_final_project_test/workspace/src/main/main/src/main.cpp:4[m[K:
[2.265s] [01m[K/home/fourfold/dev/inmind_final_project_test/workspace/install/yellow_ball_finder/include/yellow_ball_finder/find_yellow_ball.h:43:43:[m[K [01;36m[Knote: [m[K  mismatched types â€˜[01m[Kstd::shared_ptr<_Tp>[m[Kâ€™ and â€˜[01m[KFindYellowBall*[m[Kâ€™
[2.265s]    43 |         [01;36m[Krclcpp::spin_until_future_complete(this)[m[K;
[2.265s]       |         [01;36m[K~~~~~~~~~~~~~~~~~~~~~~~~~~~~~~~~~~^~~~~~[m[K
[2.265s] In file included from [01m[K/home/fourfold/dev/inmind_final_project_test/workspace/src/main/main/src/main.cpp:4[m[K:
[2.265s] [01m[K/home/fourfold/dev/inmind_final_project_test/workspace/install/yellow_ball_finder/include/yellow_ball_finder/find_yellow_ball.h:[m[K In member function â€˜[01m[Kvoid FindYellowBall::feedback_callback(...)[m[Kâ€™:
[2.265s] [01m[K/home/fourfold/dev/inmind_final_project_test/workspace/install/yellow_ball_finder/include/yellow_ball_finder/find_yellow_ball.h:62:35:[m[K [01;35m[Kwarning: [m[Kunused parameter â€˜[01m[KSharedPtr[m[Kâ€™ [[01;35m[K]8;;https://gcc.gnu.org/onlinedocs/gcc/Warning-Options.html#index-Wunused-parameter-Wunused-parameter]8;;[m[K]
[2.265s]    62 |         [01;35m[KGoalHandleMeasureLapTime::SharedPtr[m[K,
[2.265s]       |         [01;35m[K~~~~~~~~~~~~~~~~~~~~~~~~~~^~~~~~~~~[m[K
[2.296s] [01m[K/home/fourfold/dev/inmind_final_project_test/workspace/src/main/main/src/main.cpp:[m[K In constructor â€˜[01m[KMainNode::MainNode()[m[Kâ€™:
[2.296s] [01m[K/home/fourfold/dev/inmind_final_project_test/workspace/src/main/main/src/main.cpp:22:24:[m[K [01;35m[Kwarning: [m[Kunused variable â€˜[01m[Kstatus[m[Kâ€™ [[01;35m[K]8;;https://gcc.gnu.org/onlinedocs/gcc/Warning-Options.html#index-Wunused-variable-Wunused-variable]8;;[m[K]
[2.296s]    22 |         BT::NodeStatus [01;35m[Kstatus[m[K = tree.tickRoot();
[2.296s]       |                        [01;35m[K^~~~~~[m[K
[3.364s] gmake[2]: *** [CMakeFiles/main_node.dir/build.make:76: CMakeFiles/main_node.dir/src/main.cpp.o] Error 1
[3.364s] gmake[1]: *** [CMakeFiles/Makefile2:139: CMakeFiles/main_node.dir/all] Error 2
[3.364s] gmake: *** [Makefile:146: all] Error 2
[3.366s] Invoked command in '/home/fourfold/dev/inmind_final_project_test/workspace/build/main' returned '2': AMENT_PREFIX_PATH=/home/fourfold/dev/inmind_final_project_test/workspace/install/detection_interfaces:${AMENT_PREFIX_PATH} CMAKE_PREFIX_PATH=/home/fourfold/dev/inmind_final_project_test/workspace/install/yellow_ball_finder:/home/fourfold/dev/inmind_final_project_test/workspace/install/detection_interfaces:/home/fourfold/dev/inmind_final_project_test/workspace/install/basic_navigation:/home/fourfold/dev/inmind_final_project_test/workspace/install/main:/opt/ros/humble LD_LIBRARY_PATH=/home/fourfold/dev/inmind_final_project_test/workspace/install/detection_interfaces/lib:${LD_LIBRARY_PATH} PYTHONPATH=/home/fourfold/dev/inmind_final_project_test/workspace/install/detection_interfaces/local/lib/python3.10/dist-packages:${PYTHONPATH} /usr/bin/cmake --build /home/fourfold/dev/inmind_final_project_test/workspace/build/main -- -j16 -l16
