[0.006s] Invoking command in '/home/fourfold/dev/inmind_final_project_test/workspace/build/main': CMAKE_PREFIX_PATH=/home/fourfold/dev/inmind_final_project_test/workspace/install/yellow_ball_finder:/home/fourfold/dev/inmind_final_project_test/workspace/install/detection_interfaces:/home/fourfold/dev/inmind_final_project_test/workspace/install/basic_navigation:/home/fourfold/dev/inmind_final_project_test/workspace/install/main:/opt/ros/humble /usr/bin/cmake --build /home/fourfold/dev/inmind_final_project_test/workspace/build/main -- -j16 -l16
[0.035s] [35m[1mConsolidate compiler generated dependencies of target main_node[0m
[0.041s] [ 50%] Built target test_node
[0.046s] [ 75%] [32mBuilding CXX object CMakeFiles/main_node.dir/src/main.cpp.o[0m
[1.512s] In file included from [01m[K/home/fourfold/dev/inmind_final_project_test/workspace/src/main/main/src/main.cpp:5[m[K:
[1.512s] [01m[K/home/fourfold/dev/inmind_final_project_test/workspace/install/yellow_ball_finder/include/yellow_ball_finder/find_yellow_ball.h:[m[K In constructor â€˜[01m[KFindYellowBall::FindYellowBall(const string&, const BT::NodeConfiguration&)[m[Kâ€™:
[1.512s] [01m[K/home/fourfold/dev/inmind_final_project_test/workspace/install/yellow_ball_finder/include/yellow_ball_finder/find_yellow_ball.h:15:74:[m[K [01;35m[Kwarning: [m[Kunused parameter â€˜[01m[Kconfig[m[Kâ€™ [[01;35m[K]8;;https://gcc.gnu.org/onlinedocs/gcc/Warning-Options.html#index-Wunused-parameter-Wunused-parameter]8;;[m[K]
[1.512s]    15 | wBall(const std::string& name, [01;35m[Kconst BT::NodeConfiguration& config[m[K) : BT::SyncActionNode(name, {}/*, config*/), rclcpp::Node("find_yellow_ball") {
[1.512s]       |                                [01;35m[K~~~~~~~~~~~~~~~~~~~~~~~~~~~~~^~~~~~[m[K
[1.512s] 
[1.513s] In file included from [01m[K/home/fourfold/dev/inmind_final_project_test/workspace/src/main/main/src/main.cpp:5[m[K:
[1.513s] [01m[K/home/fourfold/dev/inmind_final_project_test/workspace/install/yellow_ball_finder/include/yellow_ball_finder/find_yellow_ball.h:[m[K In member function â€˜[01m[Kvoid FindYellowBall::goal_response_callback(const SharedPtr&)[m[Kâ€™:
[1.513s] [01m[K/home/fourfold/dev/inmind_final_project_test/workspace/install/yellow_ball_finder/include/yellow_ball_finder/find_yellow_ball.h:60:73:[m[K [01;35m[Kwarning: [m[Kunused parameter â€˜[01m[Kgoal_handle[m[Kâ€™ [[01;35m[K]8;;https://gcc.gnu.org/onlinedocs/gcc/Warning-Options.html#index-Wunused-parameter-Wunused-parameter]8;;[m[K]
[1.513s]    60 | l_response_callback([01;35m[Kconst GoalHandleFindYellow::SharedPtr & goal_handle[m[K) {
[1.513s]       |                     [01;35m[K~~~~~~~~~~~~~~~~~~~~~~~~~~~~~~~~~~~~~~~~^~~~~~~~~~~[m[K
[1.513s] 
[1.513s] [01m[K/home/fourfold/dev/inmind_final_project_test/workspace/install/yellow_ball_finder/include/yellow_ball_finder/find_yellow_ball.h:[m[K In member function â€˜[01m[Kvoid FindYellowBall::feedback_callback(rclcpp_action::ClientGoalHandle<detection_interfaces::action::FindYellow>::SharedPtr, std::shared_ptr<const detection_interfaces::action::FindYellow_Feedback_<std::allocator<void> > >)[m[Kâ€™:
[1.513s] [01m[K/home/fourfold/dev/inmind_final_project_test/workspace/install/yellow_ball_finder/include/yellow_ball_finder/find_yellow_ball.h:70:59:[m[K [01;35m[Kwarning: [m[Kunused parameter â€˜[01m[Kfeedback[m[Kâ€™ [[01;35m[K]8;;https://gcc.gnu.org/onlinedocs/gcc/Warning-Options.html#index-Wunused-parameter-Wunused-parameter]8;;[m[K]
[1.513s]    70 |         [01;35m[Kconst std::shared_ptr<const FindYellow::Feedback> feedback[m[K
[1.513s]       |         [01;35m[K~~~~~~~~~~~~~~~~~~~~~~~~~~~~~~~~~~~~~~~~~~~~~~~~~~^~~~~~~~[m[K
[1.546s] [01m[K/home/fourfold/dev/inmind_final_project_test/workspace/src/main/main/src/main.cpp:[m[K In constructor â€˜[01m[KMainNode::MainNode()[m[Kâ€™:
[1.546s] [01m[K/home/fourfold/dev/inmind_final_project_test/workspace/src/main/main/src/main.cpp:28:24:[m[K [01;35m[Kwarning: [m[Kunused variable â€˜[01m[Kstatus[m[Kâ€™ [[01;35m[K]8;;https://gcc.gnu.org/onlinedocs/gcc/Warning-Options.html#index-Wunused-variable-Wunused-variable]8;;[m[K]
[1.546s]    28 |         BT::NodeStatus [01;35m[Kstatus[m[K = tree.tickRoot();
[1.546s]       |                        [01;35m[K^~~~~~[m[K
[1.630s] In file included from [01m[K/home/fourfold/dev/inmind_final_project_test/workspace/src/main/main/src/main.cpp:10[m[K:
[1.630s] /opt/ros/humble/include/behaviortree_cpp_v3/bt_factory.h: In instantiation of â€˜[01m[Kvoid BT::BehaviorTreeFactory::registerNodeType(const string&) [with T = FindYellowBall; std::string = std::__cxx11::basic_string<char>][m[Kâ€™:
[1.630s] [01m[K/home/fourfold/dev/inmind_final_project_test/workspace/src/main/main/src/main.cpp:16:50:[m[K   required from here
[1.630s] [01m[K/opt/ros/humble/include/behaviortree_cpp_v3/bt_factory.h:399:19:[m[K [01;31m[Kerror: [m[Kstatic assertion failed: [registerNode]: you MUST implement the static method:   PortsList providedPorts();
[1.630s] 
[1.630s]   399 |     static_assert([01;31m[K!(param_constructable && !has_static_ports_list)[m[K, "[registerNode]: you "
[1.630s]       |                   [01;31m[K^~~~~~~~~~~~~~~~~~~~~~~~~~~~~~~~~~~~~~~~~~~~~~~~[m[K
[1.630s] [01m[K/opt/ros/humble/include/behaviortree_cpp_v3/bt_factory.h:399:19:[m[K [01;36m[Knote: [m[Kâ€˜[01m[K((!(bool)param_constructable) || ((bool)has_static_ports_list))[m[Kâ€™ evaluates to false
[2.304s] gmake[2]: *** [CMakeFiles/main_node.dir/build.make:76: CMakeFiles/main_node.dir/src/main.cpp.o] Error 1
[2.304s] gmake[1]: *** [CMakeFiles/Makefile2:139: CMakeFiles/main_node.dir/all] Error 2
[2.304s] gmake: *** [Makefile:146: all] Error 2
[2.306s] Invoked command in '/home/fourfold/dev/inmind_final_project_test/workspace/build/main' returned '2': CMAKE_PREFIX_PATH=/home/fourfold/dev/inmind_final_project_test/workspace/install/yellow_ball_finder:/home/fourfold/dev/inmind_final_project_test/workspace/install/detection_interfaces:/home/fourfold/dev/inmind_final_project_test/workspace/install/basic_navigation:/home/fourfold/dev/inmind_final_project_test/workspace/install/main:/opt/ros/humble /usr/bin/cmake --build /home/fourfold/dev/inmind_final_project_test/workspace/build/main -- -j16 -l16
