[0.006s] Invoking command in '/home/fourfold/dev/inmind_final_project_test/workspace/build/yellow_ball_finder': AMENT_PREFIX_PATH=/home/fourfold/dev/inmind_final_project_test/workspace/install/detection_interfaces:${AMENT_PREFIX_PATH} CMAKE_PREFIX_PATH=/home/fourfold/dev/inmind_final_project_test/workspace/install/detection_interfaces:/home/fourfold/dev/inmind_final_project_test/workspace/install/main:/home/fourfold/dev/inmind_final_project_test/workspace/install/yellow_ball_finder:/home/fourfold/dev/inmind_final_project_test/workspace/install/basic_navigation:/opt/ros/humble LD_LIBRARY_PATH=/home/fourfold/dev/inmind_final_project_test/workspace/install/detection_interfaces/lib:${LD_LIBRARY_PATH} PYTHONPATH=/home/fourfold/dev/inmind_final_project_test/workspace/install/detection_interfaces/local/lib/python3.10/dist-packages:${PYTHONPATH} /usr/bin/cmake --build /home/fourfold/dev/inmind_final_project_test/workspace/build/yellow_ball_finder -- -j16 -l16
[0.041s] [ 25%] [32mBuilding CXX object CMakeFiles/yellow_ball_action_server.dir/src/yellow_ball_action_server.cpp.o[0m
[0.044s] [ 75%] Built target yellow_sphere_finder
[1.452s] In file included from [01m[K/home/fourfold/dev/inmind_final_project_test/workspace/src/perception/yellow_ball_finder/src/yellow_ball_action_server.cpp:1[m[K:
[1.452s] [01m[K/home/fourfold/dev/inmind_final_project_test/workspace/src/perception/yellow_ball_finder/include/yellow_ball_finder/yellow_ball_action_server.h:11:20:[m[K [01;31m[Kerror: [m[Kâ€˜[01m[Kyellow_ball_finder[m[Kâ€™ does not name a type
[1.452s]    11 | using FindYellow = [01;31m[Kyellow_ball_finder[m[K::action::find_yellow;
[1.452s]       |                    [01;31m[K^~~~~~~~~~~~~~~~~~[m[K
[1.453s] [01m[K/home/fourfold/dev/inmind_final_project_test/workspace/src/perception/yellow_ball_finder/include/yellow_ball_finder/yellow_ball_action_server.h:12:62:[m[K [01;31m[Kerror: [m[Kâ€˜[01m[KFindYellow[m[Kâ€™ was not declared in this scope; did you mean â€˜[01m[Kdetection_interfaces::action::FindYellow[m[Kâ€™?
[1.453s]    12 | using GoalHandleFindYellow = rclcpp_action::ServerGoalHandle<[01;31m[KFindYellow[m[K>;
[1.453s]       |                                                              [01;31m[K^~~~~~~~~~[m[K
[1.453s]       |                                                              [32m[Kdetection_interfaces::action::FindYellow[m[K
[1.453s] In file included from [01m[K/home/fourfold/dev/inmind_final_project_test/workspace/install/detection_interfaces/include/detection_interfaces/detection_interfaces/action/find_yellow.hpp:7[m[K,
[1.453s]                  from [01m[K/home/fourfold/dev/inmind_final_project_test/workspace/src/perception/yellow_ball_finder/include/yellow_ball_finder/yellow_ball_action_server.h:9[m[K,
[1.453s]                  from [01m[K/home/fourfold/dev/inmind_final_project_test/workspace/src/perception/yellow_ball_finder/src/yellow_ball_action_server.cpp:1[m[K:
[1.453s] [01m[K/home/fourfold/dev/inmind_final_project_test/workspace/install/detection_interfaces/include/detection_interfaces/detection_interfaces/action/detail/find_yellow__struct.hpp:1071:27:[m[K [01;36m[Knote: [m[Kâ€˜[01m[Kdetection_interfaces::action::FindYellow[m[Kâ€™ declared here
[1.453s]  1071 | typedef struct FindYellow [01;36m[KFindYellow[m[K;
[1.453s]       |                           [01;36m[K^~~~~~~~~~[m[K
[1.453s] In file included from [01m[K/home/fourfold/dev/inmind_final_project_test/workspace/src/perception/yellow_ball_finder/src/yellow_ball_action_server.cpp:1[m[K:
[1.454s] [01m[K/home/fourfold/dev/inmind_final_project_test/workspace/src/perception/yellow_ball_finder/include/yellow_ball_finder/yellow_ball_action_server.h:12:72:[m[K [01;31m[Kerror: [m[Ktemplate argument 1 is invalid
[1.454s]    12 | using GoalHandleFindYellow = rclcpp_action::ServerGoalHandle<FindYellow[01;31m[K>[m[K;
[1.454s]       |                                                                        [01;31m[K^[m[K
[1.732s] gmake[2]: *** [CMakeFiles/yellow_ball_action_server.dir/build.make:76: CMakeFiles/yellow_ball_action_server.dir/src/yellow_ball_action_server.cpp.o] Error 1
[1.732s] gmake[1]: *** [CMakeFiles/Makefile2:165: CMakeFiles/yellow_ball_action_server.dir/all] Error 2
[1.732s] gmake: *** [Makefile:146: all] Error 2
[1.734s] Invoked command in '/home/fourfold/dev/inmind_final_project_test/workspace/build/yellow_ball_finder' returned '2': AMENT_PREFIX_PATH=/home/fourfold/dev/inmind_final_project_test/workspace/install/detection_interfaces:${AMENT_PREFIX_PATH} CMAKE_PREFIX_PATH=/home/fourfold/dev/inmind_final_project_test/workspace/install/detection_interfaces:/home/fourfold/dev/inmind_final_project_test/workspace/install/main:/home/fourfold/dev/inmind_final_project_test/workspace/install/yellow_ball_finder:/home/fourfold/dev/inmind_final_project_test/workspace/install/basic_navigation:/opt/ros/humble LD_LIBRARY_PATH=/home/fourfold/dev/inmind_final_project_test/workspace/install/detection_interfaces/lib:${LD_LIBRARY_PATH} PYTHONPATH=/home/fourfold/dev/inmind_final_project_test/workspace/install/detection_interfaces/local/lib/python3.10/dist-packages:${PYTHONPATH} /usr/bin/cmake --build /home/fourfold/dev/inmind_final_project_test/workspace/build/yellow_ball_finder -- -j16 -l16
