In file included from [01m[K/home/fourfold/dev/inmind_final_project_test/workspace/src/navigation/basic_navigation/src/move_forward.cpp:1[m[K:
[01m[K/home/fourfold/dev/inmind_final_project_test/workspace/src/navigation/basic_navigation/include/basic_navigation/move_forward.h:4:10:[m[K [01;31m[Kfatal error: [m[Kbehaviortree_cpp_v3/behavior_tree.h: No such file or directory
    4 | #include [01;31m[K<behaviortree_cpp_v3/behavior_tree.h>[m[K
      |          [01;31m[K^~~~~~~~~~~~~~~~~~~~~~~~~~~~~~~~~~~~~[m[K
compilation terminated.
gmake[2]: *** [CMakeFiles/basic_navigation.dir/build.make:76: CMakeFiles/basic_navigation.dir/src/move_forward.cpp.o] Error 1
gmake[1]: *** [CMakeFiles/Makefile2:165: CMakeFiles/basic_navigation.dir/all] Error 2
gmake[1]: *** Waiting for unfinished jobs....
/usr/bin/ld: /usr/lib/gcc/x86_64-linux-gnu/11/../../../x86_64-linux-gnu/Scrt1.o: in function `_start':
(.text+0x1b): undefined reference to `main'
collect2: error: ld returned 1 exit status
gmake[2]: *** [CMakeFiles/move_forward_node.dir/build.make:168: move_forward_node] Error 1
gmake[1]: *** [CMakeFiles/Makefile2:139: CMakeFiles/move_forward_node.dir/all] Error 2
gmake: *** [Makefile:146: all] Error 2
