[0.006s] Invoking command in '/home/fourfold/dev/inmind_final_project_test/workspace/build/basic_navigation': CMAKE_PREFIX_PATH=${CMAKE_PREFIX_PATH}:/opt/ros/humble /usr/bin/cmake --build /home/fourfold/dev/inmind_final_project_test/workspace/build/basic_navigation -- -j16 -l16
[0.045s] [ 50%] [32mBuilding CXX object CMakeFiles/move_forward_node.dir/src/move_forward.cpp.o[0m
[1.255s] In file included from [01m[K/home/fourfold/dev/inmind_final_project_test/workspace/src/navigation/basic_navigation/src/move_forward.cpp:1[m[K:
[1.255s] [01m[K/home/fourfold/dev/inmind_final_project_test/workspace/src/navigation/basic_navigation/include/basic_navigation/move_forward.h:15:20:[m[K [01;31m[Kerror: [m[Kextra qualification â€˜[01m[KMoveForward::[m[Kâ€™ on member â€˜[01m[Ktick[m[Kâ€™ [[01;31m[K]8;;https://gcc.gnu.org/onlinedocs/gcc/Warning-Options.html#index-fpermissive-fpermissive]8;;[m[K]
[1.255s]    15 |     BT::NodeStatus [01;31m[KMoveForward[m[K::tick() override {
[1.255s]       |                    [01;31m[K^~~~~~~~~~~[m[K
[1.258s] [01m[K/home/fourfold/dev/inmind_final_project_test/workspace/src/navigation/basic_navigation/src/move_forward.cpp:[m[K In function â€˜[01m[Kint main(int, char**)[m[Kâ€™:
[1.258s] [01m[K/home/fourfold/dev/inmind_final_project_test/workspace/src/navigation/basic_navigation/src/move_forward.cpp:3:14:[m[K [01;35m[Kwarning: [m[Kunused parameter â€˜[01m[Kargc[m[Kâ€™ [[01;35m[K]8;;https://gcc.gnu.org/onlinedocs/gcc/Warning-Options.html#index-Wunused-parameter-Wunused-parameter]8;;[m[K]
[1.258s]     3 | int main([01;35m[Kint argc[m[K, char * argv[]) {
[1.259s]       |          [01;35m[K~~~~^~~~[m[K
[1.259s] [01m[K/home/fourfold/dev/inmind_final_project_test/workspace/src/navigation/basic_navigation/src/move_forward.cpp:3:27:[m[K [01;35m[Kwarning: [m[Kunused parameter â€˜[01m[Kargv[m[Kâ€™ [[01;35m[K]8;;https://gcc.gnu.org/onlinedocs/gcc/Warning-Options.html#index-Wunused-parameter-Wunused-parameter]8;;[m[K]
[1.259s]     3 | int main(int argc, [01;35m[Kchar * argv[][m[K) {
[1.259s]       |                    [01;35m[K~~~~~~~^~~~~~[m[K
[1.678s] gmake[2]: *** [CMakeFiles/move_forward_node.dir/build.make:76: CMakeFiles/move_forward_node.dir/src/move_forward.cpp.o] Error 1
[1.679s] gmake[1]: *** [CMakeFiles/Makefile2:137: CMakeFiles/move_forward_node.dir/all] Error 2
[1.679s] gmake: *** [Makefile:146: all] Error 2
[1.680s] Invoked command in '/home/fourfold/dev/inmind_final_project_test/workspace/build/basic_navigation' returned '2': CMAKE_PREFIX_PATH=${CMAKE_PREFIX_PATH}:/opt/ros/humble /usr/bin/cmake --build /home/fourfold/dev/inmind_final_project_test/workspace/build/basic_navigation -- -j16 -l16
