In file included from [01m[K/home/fourfold/dev/inmind_final_project_test/workspace/install/yellow_ball_finder/include/yellow_ball_finder/find_yellow_ball.h:4[m[K,
                 from [01m[K/home/fourfold/dev/inmind_final_project_test/workspace/src/main/main/src/main.cpp:4[m[K:
[01m[K/home/fourfold/dev/inmind_final_project_test/workspace/install/yellow_ball_finder/include/yellow_ball_finder/image_collector.h:[m[K In constructor â€˜[01m[KImageCollector::ImageCollector(const string&)[m[Kâ€™:
[01m[K/home/fourfold/dev/inmind_final_project_test/workspace/install/yellow_ball_finder/include/yellow_ball_finder/image_collector.h:12:39:[m[K [01;35m[Kwarning: [m[Kunused parameter â€˜[01m[Kname[m[Kâ€™ [[01;35m[K]8;;https://gcc.gnu.org/onlinedocs/gcc/Warning-Options.html#index-Wunused-parameter-Wunused-parameter]8;;[m[K]
   12 |     ImageCollector([01;35m[Kconst std::string& name[m[K) : rclcpp::Node("image_collector") {
      |                    [01;35m[K~~~~~~~~~~~~~~~~~~~^~~~[m[K
[01m[K/home/fourfold/dev/inmind_final_project_test/workspace/src/main/main/src/main.cpp:[m[K In constructor â€˜[01m[KMainNode::MainNode()[m[Kâ€™:
[01m[K/home/fourfold/dev/inmind_final_project_test/workspace/src/main/main/src/main.cpp:22:24:[m[K [01;35m[Kwarning: [m[Kunused variable â€˜[01m[Kstatus[m[Kâ€™ [[01;35m[K]8;;https://gcc.gnu.org/onlinedocs/gcc/Warning-Options.html#index-Wunused-variable-Wunused-variable]8;;[m[K]
   22 |         BT::NodeStatus [01;35m[Kstatus[m[K = tree.tickRoot();
      |                        [01;35m[K^~~~~~[m[K
/usr/bin/ld: CMakeFiles/main_node.dir/src/main.cpp.o: warning: relocation against `_ZN14ImageCollector1xE' in read-only section `.text._ZN14FindYellowBall4tickEv[_ZN14FindYellowBall4tickEv]'
/usr/bin/ld: CMakeFiles/main_node.dir/src/main.cpp.o: in function `FindYellowBall::tick()':
main.cpp:(.text._ZN14FindYellowBall4tickEv[_ZN14FindYellowBall4tickEv]+0x28): undefined reference to `ImageCollector::x'
/usr/bin/ld: warning: creating DT_TEXTREL in a PIE
collect2: error: ld returned 1 exit status
gmake[2]: *** [CMakeFiles/main_node.dir/build.make:231: main_node] Error 1
gmake[1]: *** [CMakeFiles/Makefile2:139: CMakeFiles/main_node.dir/all] Error 2
gmake: *** [Makefile:146: all] Error 2
